[04-Aug-2016 13:01:38 UTC] PHP Notice:  Undefined variable: Nome in /home/ubuntu/workspace/02-classes/class/AtributosMetodos.class.php on line 18
[04-Aug-2016 13:01:38 UTC] PHP Stack trace:
[04-Aug-2016 13:01:38 UTC] PHP   1. {main}() /home/ubuntu/workspace/02-classes/02-atributos-e-metodos.php:0
[04-Aug-2016 13:01:38 UTC] PHP   2. AtributosMetodos->getUsuario() /home/ubuntu/workspace/02-classes/02-atributos-e-metodos.php:15
[04-Aug-2016 13:01:57 UTC] PHP Notice:  Undefined variable: Nome in /home/ubuntu/workspace/02-classes/class/AtributosMetodos.class.php on line 18
[04-Aug-2016 13:01:58 UTC] PHP Stack trace:
[04-Aug-2016 13:01:58 UTC] PHP   1. {main}() /home/ubuntu/workspace/02-classes/02-atributos-e-metodos.php:0
[04-Aug-2016 13:01:58 UTC] PHP   2. AtributosMetodos->getUsuario() /home/ubuntu/workspace/02-classes/02-atributos-e-metodos.php:15
[04-Aug-2016 13:01:59 UTC] PHP Notice:  Undefined variable: Nome in /home/ubuntu/workspace/02-classes/class/AtributosMetodos.class.php on line 18
[04-Aug-2016 13:01:59 UTC] PHP Stack trace:
[04-Aug-2016 13:01:59 UTC] PHP   1. {main}() /home/ubuntu/workspace/02-classes/02-atributos-e-metodos.php:0
[04-Aug-2016 13:01:59 UTC] PHP   2. AtributosMetodos->getUsuario() /home/ubuntu/workspace/02-classes/02-atributos-e-metodos.php:15
[04-Aug-2016 13:02:08 UTC] PHP Notice:  Undefined variable: Nome in /home/ubuntu/workspace/02-classes/class/AtributosMetodos.class.php on line 16
[04-Aug-2016 13:02:08 UTC] PHP Stack trace:
[04-Aug-2016 13:02:08 UTC] PHP   1. {main}() /home/ubuntu/workspace/02-classes/02-atributos-e-metodos.php:0
[04-Aug-2016 13:02:08 UTC] PHP   2. AtributosMetodos->getUsuario() /home/ubuntu/workspace/02-classes/02-atributos-e-metodos.php:15
[04-Aug-2016 13:20:08 UTC] PHP Notice:  Undefined variable: Nome in /home/ubuntu/workspace/02-classes/class/AtributosMetodos.class.php on line 37
[04-Aug-2016 13:20:08 UTC] PHP Stack trace:
[04-Aug-2016 13:20:08 UTC] PHP   1. {main}() /home/ubuntu/workspace/02-classes/02-atributos-e-metodos.php:0
[04-Aug-2016 13:20:08 UTC] PHP   2. AtributosMetodos->getUsuario() /home/ubuntu/workspace/02-classes/02-atributos-e-metodos.php:34
[04-Aug-2016 13:20:27 UTC] PHP Warning:  Missing argument 1 for AtributosMetodos::getUsuario(), called in /home/ubuntu/workspace/02-classes/02-atributos-e-metodos.php on line 34 and defined in /home/ubuntu/workspace/02-classes/class/AtributosMetodos.class.php on line 35
[04-Aug-2016 13:20:27 UTC] PHP Stack trace:
[04-Aug-2016 13:20:27 UTC] PHP   1. {main}() /home/ubuntu/workspace/02-classes/02-atributos-e-metodos.php:0
[04-Aug-2016 13:20:27 UTC] PHP   2. AtributosMetodos->getUsuario() /home/ubuntu/workspace/02-classes/02-atributos-e-metodos.php:34
[04-Aug-2016 13:20:27 UTC] PHP Notice:  Undefined variable: Nome in /home/ubuntu/workspace/02-classes/class/AtributosMetodos.class.php on line 37
[04-Aug-2016 13:20:27 UTC] PHP Stack trace:
[04-Aug-2016 13:20:27 UTC] PHP   1. {main}() /home/ubuntu/workspace/02-classes/02-atributos-e-metodos.php:0
[04-Aug-2016 13:20:27 UTC] PHP   2. AtributosMetodos->getUsuario() /home/ubuntu/workspace/02-classes/02-atributos-e-metodos.php:34
[04-Aug-2016 13:20:42 UTC] PHP Warning:  Missing argument 1 for AtributosMetodos::getUsuario(), called in /home/ubuntu/workspace/02-classes/02-atributos-e-metodos.php on line 34 and defined in /home/ubuntu/workspace/02-classes/class/AtributosMetodos.class.php on line 35
[04-Aug-2016 13:20:42 UTC] PHP Stack trace:
[04-Aug-2016 13:20:42 UTC] PHP   1. {main}() /home/ubuntu/workspace/02-classes/02-atributos-e-metodos.php:0
[04-Aug-2016 13:20:42 UTC] PHP   2. AtributosMetodos->getUsuario() /home/ubuntu/workspace/02-classes/02-atributos-e-metodos.php:34
[04-Aug-2016 13:20:42 UTC] PHP Notice:  Undefined variable: Nome in /home/ubuntu/workspace/02-classes/class/AtributosMetodos.class.php on line 37
[04-Aug-2016 13:20:42 UTC] PHP Stack trace:
[04-Aug-2016 13:20:42 UTC] PHP   1. {main}() /home/ubuntu/workspace/02-classes/02-atributos-e-metodos.php:0
[04-Aug-2016 13:20:42 UTC] PHP   2. AtributosMetodos->getUsuario() /home/ubuntu/workspace/02-classes/02-atributos-e-metodos.php:34
[04-Aug-2016 13:20:52 UTC] PHP Warning:  Missing argument 1 for AtributosMetodos::getUsuario(), called in /home/ubuntu/workspace/02-classes/02-atributos-e-metodos.php on line 34 and defined in /home/ubuntu/workspace/02-classes/class/AtributosMetodos.class.php on line 35
[04-Aug-2016 13:20:52 UTC] PHP Stack trace:
[04-Aug-2016 13:20:52 UTC] PHP   1. {main}() /home/ubuntu/workspace/02-classes/02-atributos-e-metodos.php:0
[04-Aug-2016 13:20:52 UTC] PHP   2. AtributosMetodos->getUsuario() /home/ubuntu/workspace/02-classes/02-atributos-e-metodos.php:34
[04-Aug-2016 13:20:52 UTC] PHP Notice:  Undefined variable: Nome in /home/ubuntu/workspace/02-classes/class/AtributosMetodos.class.php on line 37
[04-Aug-2016 13:20:52 UTC] PHP Stack trace:
[04-Aug-2016 13:20:52 UTC] PHP   1. {main}() /home/ubuntu/workspace/02-classes/02-atributos-e-metodos.php:0
[04-Aug-2016 13:20:52 UTC] PHP   2. AtributosMetodos->getUsuario() /home/ubuntu/workspace/02-classes/02-atributos-e-metodos.php:34
[04-Aug-2016 13:24:24 UTC] PHP Warning:  Missing argument 1 for AtributosMetodos::getUsuario(), called in /home/ubuntu/workspace/02-classes/02-atributos-e-metodos.php on line 34 and defined in /home/ubuntu/workspace/02-classes/class/AtributosMetodos.class.php on line 35
[04-Aug-2016 13:24:24 UTC] PHP Stack trace:
[04-Aug-2016 13:24:24 UTC] PHP   1. {main}() /home/ubuntu/workspace/02-classes/02-atributos-e-metodos.php:0
[04-Aug-2016 13:24:24 UTC] PHP   2. AtributosMetodos->getUsuario() /home/ubuntu/workspace/02-classes/02-atributos-e-metodos.php:34
[04-Aug-2016 13:24:24 UTC] PHP Notice:  Undefined variable: Nome in /home/ubuntu/workspace/02-classes/class/AtributosMetodos.class.php on line 37
[04-Aug-2016 13:24:24 UTC] PHP Stack trace:
[04-Aug-2016 13:24:24 UTC] PHP   1. {main}() /home/ubuntu/workspace/02-classes/02-atributos-e-metodos.php:0
[04-Aug-2016 13:24:24 UTC] PHP   2. AtributosMetodos->getUsuario() /home/ubuntu/workspace/02-classes/02-atributos-e-metodos.php:34
[04-Aug-2016 13:24:24 UTC] PHP Fatal error:  Cannot access empty property in /home/ubuntu/workspace/02-classes/class/AtributosMetodos.class.php on line 37
[04-Aug-2016 13:24:24 UTC] PHP Stack trace:
[04-Aug-2016 13:24:24 UTC] PHP   1. {main}() /home/ubuntu/workspace/02-classes/02-atributos-e-metodos.php:0
[04-Aug-2016 13:24:24 UTC] PHP   2. AtributosMetodos->getUsuario() /home/ubuntu/workspace/02-classes/02-atributos-e-metodos.php:34
[04-Aug-2016 13:25:14 UTC] PHP Warning:  Missing argument 1 for AtributosMetodos::getUsuario(), called in /home/ubuntu/workspace/02-classes/02-atributos-e-metodos.php on line 34 and defined in /home/ubuntu/workspace/02-classes/class/AtributosMetodos.class.php on line 35
[04-Aug-2016 13:25:14 UTC] PHP Stack trace:
[04-Aug-2016 13:25:14 UTC] PHP   1. {main}() /home/ubuntu/workspace/02-classes/02-atributos-e-metodos.php:0
[04-Aug-2016 13:25:14 UTC] PHP   2. AtributosMetodos->getUsuario() /home/ubuntu/workspace/02-classes/02-atributos-e-metodos.php:34
[04-Aug-2016 13:25:14 UTC] PHP Notice:  Undefined variable: Nome in /home/ubuntu/workspace/02-classes/class/AtributosMetodos.class.php on line 37
[04-Aug-2016 13:25:14 UTC] PHP Stack trace:
[04-Aug-2016 13:25:14 UTC] PHP   1. {main}() /home/ubuntu/workspace/02-classes/02-atributos-e-metodos.php:0
[04-Aug-2016 13:25:14 UTC] PHP   2. AtributosMetodos->getUsuario() /home/ubuntu/workspace/02-classes/02-atributos-e-metodos.php:34
[04-Aug-2016 13:25:14 UTC] PHP Fatal error:  Cannot access empty property in /home/ubuntu/workspace/02-classes/class/AtributosMetodos.class.php on line 37
[04-Aug-2016 13:25:14 UTC] PHP Stack trace:
[04-Aug-2016 13:25:14 UTC] PHP   1. {main}() /home/ubuntu/workspace/02-classes/02-atributos-e-metodos.php:0
[04-Aug-2016 13:25:14 UTC] PHP   2. AtributosMetodos->getUsuario() /home/ubuntu/workspace/02-classes/02-atributos-e-metodos.php:34
[04-Aug-2016 13:25:32 UTC] PHP Warning:  Missing argument 1 for AtributosMetodos::getUsuario(), called in /home/ubuntu/workspace/02-classes/02-atributos-e-metodos.php on line 34 and defined in /home/ubuntu/workspace/02-classes/class/AtributosMetodos.class.php on line 35
[04-Aug-2016 13:25:32 UTC] PHP Stack trace:
[04-Aug-2016 13:25:32 UTC] PHP   1. {main}() /home/ubuntu/workspace/02-classes/02-atributos-e-metodos.php:0
[04-Aug-2016 13:25:32 UTC] PHP   2. AtributosMetodos->getUsuario() /home/ubuntu/workspace/02-classes/02-atributos-e-metodos.php:34
[04-Aug-2016 13:25:32 UTC] PHP Notice:  Undefined variable: Nome in /home/ubuntu/workspace/02-classes/class/AtributosMetodos.class.php on line 37
[04-Aug-2016 13:25:32 UTC] PHP Stack trace:
[04-Aug-2016 13:25:32 UTC] PHP   1. {main}() /home/ubuntu/workspace/02-classes/02-atributos-e-metodos.php:0
[04-Aug-2016 13:25:32 UTC] PHP   2. AtributosMetodos->getUsuario() /home/ubuntu/workspace/02-classes/02-atributos-e-metodos.php:34
[04-Aug-2016 13:25:32 UTC] PHP Fatal error:  Cannot access empty property in /home/ubuntu/workspace/02-classes/class/AtributosMetodos.class.php on line 37
[04-Aug-2016 13:25:32 UTC] PHP Stack trace:
[04-Aug-2016 13:25:32 UTC] PHP   1. {main}() /home/ubuntu/workspace/02-classes/02-atributos-e-metodos.php:0
[04-Aug-2016 13:25:32 UTC] PHP   2. AtributosMetodos->getUsuario() /home/ubuntu/workspace/02-classes/02-atributos-e-metodos.php:34
[04-Aug-2016 13:27:10 UTC] PHP Warning:  Missing argument 1 for AtributosMetodos::getUsuario(), called in /home/ubuntu/workspace/02-classes/02-atributos-e-metodos.php on line 34 and defined in /home/ubuntu/workspace/02-classes/class/AtributosMetodos.class.php on line 35
[04-Aug-2016 13:27:10 UTC] PHP Stack trace:
[04-Aug-2016 13:27:10 UTC] PHP   1. {main}() /home/ubuntu/workspace/02-classes/02-atributos-e-metodos.php:0
[04-Aug-2016 13:27:10 UTC] PHP   2. AtributosMetodos->getUsuario() /home/ubuntu/workspace/02-classes/02-atributos-e-metodos.php:34
[04-Aug-2016 13:27:10 UTC] PHP Notice:  Undefined variable: Nome in /home/ubuntu/workspace/02-classes/class/AtributosMetodos.class.php on line 37
[04-Aug-2016 13:27:10 UTC] PHP Stack trace:
[04-Aug-2016 13:27:10 UTC] PHP   1. {main}() /home/ubuntu/workspace/02-classes/02-atributos-e-metodos.php:0
[04-Aug-2016 13:27:10 UTC] PHP   2. AtributosMetodos->getUsuario() /home/ubuntu/workspace/02-classes/02-atributos-e-metodos.php:34
[04-Aug-2016 13:27:10 UTC] PHP Fatal error:  Cannot access empty property in /home/ubuntu/workspace/02-classes/class/AtributosMetodos.class.php on line 37
[04-Aug-2016 13:27:10 UTC] PHP Stack trace:
[04-Aug-2016 13:27:10 UTC] PHP   1. {main}() /home/ubuntu/workspace/02-classes/02-atributos-e-metodos.php:0
[04-Aug-2016 13:27:10 UTC] PHP   2. AtributosMetodos->getUsuario() /home/ubuntu/workspace/02-classes/02-atributos-e-metodos.php:34
[04-Aug-2016 13:27:12 UTC] PHP Warning:  Missing argument 1 for AtributosMetodos::getUsuario(), called in /home/ubuntu/workspace/02-classes/02-atributos-e-metodos.php on line 34 and defined in /home/ubuntu/workspace/02-classes/class/AtributosMetodos.class.php on line 35
[04-Aug-2016 13:27:12 UTC] PHP Stack trace:
[04-Aug-2016 13:27:12 UTC] PHP   1. {main}() /home/ubuntu/workspace/02-classes/02-atributos-e-metodos.php:0
[04-Aug-2016 13:27:12 UTC] PHP   2. AtributosMetodos->getUsuario() /home/ubuntu/workspace/02-classes/02-atributos-e-metodos.php:34
[04-Aug-2016 13:27:12 UTC] PHP Notice:  Undefined variable: Nome in /home/ubuntu/workspace/02-classes/class/AtributosMetodos.class.php on line 37
[04-Aug-2016 13:27:12 UTC] PHP Stack trace:
[04-Aug-2016 13:27:12 UTC] PHP   1. {main}() /home/ubuntu/workspace/02-classes/02-atributos-e-metodos.php:0
[04-Aug-2016 13:27:12 UTC] PHP   2. AtributosMetodos->getUsuario() /home/ubuntu/workspace/02-classes/02-atributos-e-metodos.php:34
[04-Aug-2016 13:27:12 UTC] PHP Fatal error:  Cannot access empty property in /home/ubuntu/workspace/02-classes/class/AtributosMetodos.class.php on line 37
[04-Aug-2016 13:27:12 UTC] PHP Stack trace:
[04-Aug-2016 13:27:12 UTC] PHP   1. {main}() /home/ubuntu/workspace/02-classes/02-atributos-e-metodos.php:0
[04-Aug-2016 13:27:12 UTC] PHP   2. AtributosMetodos->getUsuario() /home/ubuntu/workspace/02-classes/02-atributos-e-metodos.php:34
[04-Aug-2016 13:28:37 UTC] PHP Notice:  Undefined variable: Nome in /home/ubuntu/workspace/02-classes/class/AtributosMetodos.class.php on line 37
[04-Aug-2016 13:28:37 UTC] PHP Stack trace:
[04-Aug-2016 13:28:37 UTC] PHP   1. {main}() /home/ubuntu/workspace/02-classes/02-atributos-e-metodos.php:0
[04-Aug-2016 13:28:37 UTC] PHP   2. AtributosMetodos->getUsuario() /home/ubuntu/workspace/02-classes/02-atributos-e-metodos.php:34
[04-Aug-2016 13:28:37 UTC] PHP Fatal error:  Cannot access empty property in /home/ubuntu/workspace/02-classes/class/AtributosMetodos.class.php on line 37
[04-Aug-2016 13:28:37 UTC] PHP Stack trace:
[04-Aug-2016 13:28:37 UTC] PHP   1. {main}() /home/ubuntu/workspace/02-classes/02-atributos-e-metodos.php:0
[04-Aug-2016 13:28:37 UTC] PHP   2. AtributosMetodos->getUsuario() /home/ubuntu/workspace/02-classes/02-atributos-e-metodos.php:34
[04-Aug-2016 13:31:53 UTC] PHP Notice:  Undefined variable: Nome in /home/ubuntu/workspace/02-classes/class/AtributosMetodos.class.php on line 37
[04-Aug-2016 13:31:53 UTC] PHP Stack trace:
[04-Aug-2016 13:31:53 UTC] PHP   1. {main}() /home/ubuntu/workspace/02-classes/02-atributos-e-metodos.php:0
[04-Aug-2016 13:31:53 UTC] PHP   2. AtributosMetodos->getUsuario() /home/ubuntu/workspace/02-classes/02-atributos-e-metodos.php:34
[04-Aug-2016 13:31:53 UTC] PHP Fatal error:  Cannot access empty property in /home/ubuntu/workspace/02-classes/class/AtributosMetodos.class.php on line 37
[04-Aug-2016 13:31:53 UTC] PHP Stack trace:
[04-Aug-2016 13:31:53 UTC] PHP   1. {main}() /home/ubuntu/workspace/02-classes/02-atributos-e-metodos.php:0
[04-Aug-2016 13:31:53 UTC] PHP   2. AtributosMetodos->getUsuario() /home/ubuntu/workspace/02-classes/02-atributos-e-metodos.php:34
[04-Aug-2016 13:31:59 UTC] PHP Notice:  Undefined variable: Nome in /home/ubuntu/workspace/02-classes/class/AtributosMetodos.class.php on line 37
[04-Aug-2016 13:31:59 UTC] PHP Stack trace:
[04-Aug-2016 13:31:59 UTC] PHP   1. {main}() /home/ubuntu/workspace/02-classes/02-atributos-e-metodos.php:0
[04-Aug-2016 13:31:59 UTC] PHP   2. AtributosMetodos->getUsuario() /home/ubuntu/workspace/02-classes/02-atributos-e-metodos.php:34
[04-Aug-2016 13:31:59 UTC] PHP Fatal error:  Cannot access empty property in /home/ubuntu/workspace/02-classes/class/AtributosMetodos.class.php on line 37
[04-Aug-2016 13:31:59 UTC] PHP Stack trace:
[04-Aug-2016 13:31:59 UTC] PHP   1. {main}() /home/ubuntu/workspace/02-classes/02-atributos-e-metodos.php:0
[04-Aug-2016 13:31:59 UTC] PHP   2. AtributosMetodos->getUsuario() /home/ubuntu/workspace/02-classes/02-atributos-e-metodos.php:34
[04-Aug-2016 13:32:19 UTC] PHP Notice:  Undefined variable: Nome in /home/ubuntu/workspace/02-classes/class/AtributosMetodos.class.php on line 37
[04-Aug-2016 13:32:19 UTC] PHP Stack trace:
[04-Aug-2016 13:32:19 UTC] PHP   1. {main}() /home/ubuntu/workspace/02-classes/02-atributos-e-metodos.php:0
[04-Aug-2016 13:32:19 UTC] PHP   2. AtributosMetodos->getUsuario() /home/ubuntu/workspace/02-classes/02-atributos-e-metodos.php:34
[04-Aug-2016 13:32:19 UTC] PHP Fatal error:  Cannot access empty property in /home/ubuntu/workspace/02-classes/class/AtributosMetodos.class.php on line 37
[04-Aug-2016 13:32:19 UTC] PHP Stack trace:
[04-Aug-2016 13:32:19 UTC] PHP   1. {main}() /home/ubuntu/workspace/02-classes/02-atributos-e-metodos.php:0
[04-Aug-2016 13:32:19 UTC] PHP   2. AtributosMetodos->getUsuario() /home/ubuntu/workspace/02-classes/02-atributos-e-metodos.php:34
[04-Aug-2016 13:33:54 UTC] PHP Notice:  Undefined variable: Nome in /home/ubuntu/workspace/02-classes/class/AtributosMetodos.class.php on line 37
[04-Aug-2016 13:33:54 UTC] PHP Stack trace:
[04-Aug-2016 13:33:54 UTC] PHP   1. {main}() /home/ubuntu/workspace/02-classes/02-atributos-e-metodos.php:0
[04-Aug-2016 13:33:54 UTC] PHP   2. AtributosMetodos->getUsuario() /home/ubuntu/workspace/02-classes/02-atributos-e-metodos.php:34
[04-Aug-2016 13:33:54 UTC] PHP Fatal error:  Cannot access empty property in /home/ubuntu/workspace/02-classes/class/AtributosMetodos.class.php on line 37
[04-Aug-2016 13:33:54 UTC] PHP Stack trace:
[04-Aug-2016 13:33:54 UTC] PHP   1. {main}() /home/ubuntu/workspace/02-classes/02-atributos-e-metodos.php:0
[04-Aug-2016 13:33:54 UTC] PHP   2. AtributosMetodos->getUsuario() /home/ubuntu/workspace/02-classes/02-atributos-e-metodos.php:34
[04-Aug-2016 13:34:56 UTC] PHP Notice:  Undefined variable: Nome in /home/ubuntu/workspace/02-classes/class/AtributosMetodos.class.php on line 37
[04-Aug-2016 13:34:56 UTC] PHP Stack trace:
[04-Aug-2016 13:34:56 UTC] PHP   1. {main}() /home/ubuntu/workspace/02-classes/02-atributos-e-metodos.php:0
[04-Aug-2016 13:34:56 UTC] PHP   2. AtributosMetodos->getUsuario() /home/ubuntu/workspace/02-classes/02-atributos-e-metodos.php:34
[04-Aug-2016 13:34:56 UTC] PHP Fatal error:  Cannot access empty property in /home/ubuntu/workspace/02-classes/class/AtributosMetodos.class.php on line 37
[04-Aug-2016 13:34:56 UTC] PHP Stack trace:
[04-Aug-2016 13:34:56 UTC] PHP   1. {main}() /home/ubuntu/workspace/02-classes/02-atributos-e-metodos.php:0
[04-Aug-2016 13:34:56 UTC] PHP   2. AtributosMetodos->getUsuario() /home/ubuntu/workspace/02-classes/02-atributos-e-metodos.php:34
[04-Aug-2016 13:36:31 UTC] PHP Notice:  Undefined variable: Nome in /home/ubuntu/workspace/02-classes/class/AtributosMetodos.class.php on line 37
[04-Aug-2016 13:36:31 UTC] PHP Stack trace:
[04-Aug-2016 13:36:31 UTC] PHP   1. {main}() /home/ubuntu/workspace/02-classes/02-atributos-e-metodos.php:0
[04-Aug-2016 13:36:31 UTC] PHP   2. AtributosMetodos->getUsuario() /home/ubuntu/workspace/02-classes/02-atributos-e-metodos.php:34
[04-Aug-2016 13:36:31 UTC] PHP Fatal error:  Cannot access empty property in /home/ubuntu/workspace/02-classes/class/AtributosMetodos.class.php on line 37
[04-Aug-2016 13:36:31 UTC] PHP Stack trace:
[04-Aug-2016 13:36:31 UTC] PHP   1. {main}() /home/ubuntu/workspace/02-classes/02-atributos-e-metodos.php:0
[04-Aug-2016 13:36:31 UTC] PHP   2. AtributosMetodos->getUsuario() /home/ubuntu/workspace/02-classes/02-atributos-e-metodos.php:34
[04-Aug-2016 13:38:58 UTC] PHP Notice:  Undefined variable: Nome in /home/ubuntu/workspace/02-classes/class/AtributosMetodos.class.php on line 36
[04-Aug-2016 13:38:58 UTC] PHP Stack trace:
[04-Aug-2016 13:38:58 UTC] PHP   1. {main}() /home/ubuntu/workspace/02-classes/02-atributos-e-metodos.php:0
[04-Aug-2016 13:38:58 UTC] PHP   2. AtributosMetodos->getUsuario() /home/ubuntu/workspace/02-classes/02-atributos-e-metodos.php:34
[04-Aug-2016 13:38:58 UTC] PHP Fatal error:  Cannot access empty property in /home/ubuntu/workspace/02-classes/class/AtributosMetodos.class.php on line 36
[04-Aug-2016 13:38:58 UTC] PHP Stack trace:
[04-Aug-2016 13:38:58 UTC] PHP   1. {main}() /home/ubuntu/workspace/02-classes/02-atributos-e-metodos.php:0
[04-Aug-2016 13:38:58 UTC] PHP   2. AtributosMetodos->getUsuario() /home/ubuntu/workspace/02-classes/02-atributos-e-metodos.php:34
[04-Aug-2016 13:40:52 UTC] PHP Notice:  Undefined variable: Nome in /home/ubuntu/workspace/02-classes/class/AtributosMetodos.class.php on line 34
[04-Aug-2016 13:40:52 UTC] PHP Stack trace:
[04-Aug-2016 13:40:52 UTC] PHP   1. {main}() /home/ubuntu/workspace/02-classes/02-atributos-e-metodos.php:0
[04-Aug-2016 13:40:52 UTC] PHP   2. AtributosMetodos->getUsuario() /home/ubuntu/workspace/02-classes/02-atributos-e-metodos.php:34
[04-Aug-2016 13:40:52 UTC] PHP Fatal error:  Cannot access empty property in /home/ubuntu/workspace/02-classes/class/AtributosMetodos.class.php on line 34
[04-Aug-2016 13:40:52 UTC] PHP Stack trace:
[04-Aug-2016 13:40:52 UTC] PHP   1. {main}() /home/ubuntu/workspace/02-classes/02-atributos-e-metodos.php:0
[04-Aug-2016 13:40:52 UTC] PHP   2. AtributosMetodos->getUsuario() /home/ubuntu/workspace/02-classes/02-atributos-e-metodos.php:34
[04-Aug-2016 13:40:53 UTC] PHP Notice:  Undefined variable: Nome in /home/ubuntu/workspace/02-classes/class/AtributosMetodos.class.php on line 34
[04-Aug-2016 13:40:53 UTC] PHP Stack trace:
[04-Aug-2016 13:40:53 UTC] PHP   1. {main}() /home/ubuntu/workspace/02-classes/02-atributos-e-metodos.php:0
[04-Aug-2016 13:40:53 UTC] PHP   2. AtributosMetodos->getUsuario() /home/ubuntu/workspace/02-classes/02-atributos-e-metodos.php:34
[04-Aug-2016 13:40:53 UTC] PHP Fatal error:  Cannot access empty property in /home/ubuntu/workspace/02-classes/class/AtributosMetodos.class.php on line 34
[04-Aug-2016 13:40:53 UTC] PHP Stack trace:
[04-Aug-2016 13:40:53 UTC] PHP   1. {main}() /home/ubuntu/workspace/02-classes/02-atributos-e-metodos.php:0
[04-Aug-2016 13:40:53 UTC] PHP   2. AtributosMetodos->getUsuario() /home/ubuntu/workspace/02-classes/02-atributos-e-metodos.php:34
[04-Aug-2016 13:40:53 UTC] PHP Notice:  Undefined variable: Nome in /home/ubuntu/workspace/02-classes/class/AtributosMetodos.class.php on line 34
[04-Aug-2016 13:40:53 UTC] PHP Stack trace:
[04-Aug-2016 13:40:53 UTC] PHP   1. {main}() /home/ubuntu/workspace/02-classes/02-atributos-e-metodos.php:0
[04-Aug-2016 13:40:53 UTC] PHP   2. AtributosMetodos->getUsuario() /home/ubuntu/workspace/02-classes/02-atributos-e-metodos.php:34
[04-Aug-2016 13:40:53 UTC] PHP Fatal error:  Cannot access empty property in /home/ubuntu/workspace/02-classes/class/AtributosMetodos.class.php on line 34
[04-Aug-2016 13:40:53 UTC] PHP Stack trace:
[04-Aug-2016 13:40:53 UTC] PHP   1. {main}() /home/ubuntu/workspace/02-classes/02-atributos-e-metodos.php:0
[04-Aug-2016 13:40:53 UTC] PHP   2. AtributosMetodos->getUsuario() /home/ubuntu/workspace/02-classes/02-atributos-e-metodos.php:34
[04-Aug-2016 13:47:14 UTC] PHP Notice:  Undefined variable: Nome in /home/ubuntu/workspace/02-classes/class/AtributosMetodos.class.php on line 34
[04-Aug-2016 13:47:14 UTC] PHP Stack trace:
[04-Aug-2016 13:47:14 UTC] PHP   1. {main}() /home/ubuntu/workspace/02-classes/02-atributos-e-metodos.php:0
[04-Aug-2016 13:47:14 UTC] PHP   2. AtributosMetodos->getUsuario() /home/ubuntu/workspace/02-classes/02-atributos-e-metodos.php:34
[04-Aug-2016 13:47:14 UTC] PHP Fatal error:  Cannot access empty property in /home/ubuntu/workspace/02-classes/class/AtributosMetodos.class.php on line 34
[04-Aug-2016 13:47:14 UTC] PHP Stack trace:
[04-Aug-2016 13:47:14 UTC] PHP   1. {main}() /home/ubuntu/workspace/02-classes/02-atributos-e-metodos.php:0
[04-Aug-2016 13:47:14 UTC] PHP   2. AtributosMetodos->getUsuario() /home/ubuntu/workspace/02-classes/02-atributos-e-metodos.php:34
[04-Aug-2016 13:47:46 UTC] PHP Notice:  Undefined variable: Nome in /home/ubuntu/workspace/02-classes/class/AtributosMetodos.class.php on line 34
[04-Aug-2016 13:47:46 UTC] PHP Stack trace:
[04-Aug-2016 13:47:46 UTC] PHP   1. {main}() /home/ubuntu/workspace/02-classes/02-atributos-e-metodos.php:0
[04-Aug-2016 13:47:46 UTC] PHP   2. AtributosMetodos->getUsuario() /home/ubuntu/workspace/02-classes/02-atributos-e-metodos.php:34
[04-Aug-2016 13:47:46 UTC] PHP Fatal error:  Cannot access empty property in /home/ubuntu/workspace/02-classes/class/AtributosMetodos.class.php on line 34
[04-Aug-2016 13:47:46 UTC] PHP Stack trace:
[04-Aug-2016 13:47:46 UTC] PHP   1. {main}() /home/ubuntu/workspace/02-classes/02-atributos-e-metodos.php:0
[04-Aug-2016 13:47:46 UTC] PHP   2. AtributosMetodos->getUsuario() /home/ubuntu/workspace/02-classes/02-atributos-e-metodos.php:34
[04-Aug-2016 13:47:55 UTC] PHP Fatal error:  Call to undefined method AtributosMetodos::getUsuario() in /home/ubuntu/workspace/02-classes/02-atributos-e-metodos.php on line 34
[04-Aug-2016 13:47:55 UTC] PHP Stack trace:
[04-Aug-2016 13:47:55 UTC] PHP   1. {main}() /home/ubuntu/workspace/02-classes/02-atributos-e-metodos.php:0
[04-Aug-2016 13:49:08 UTC] PHP Notice:  Undefined variable: Nome in /home/ubuntu/workspace/02-classes/class/AtributosMetodos.class.php on line 34
[04-Aug-2016 13:49:08 UTC] PHP Stack trace:
[04-Aug-2016 13:49:08 UTC] PHP   1. {main}() /home/ubuntu/workspace/02-classes/02-atributos-e-metodos.php:0
[04-Aug-2016 13:49:08 UTC] PHP   2. AtributosMetodos->getUsuario() /home/ubuntu/workspace/02-classes/02-atributos-e-metodos.php:34
[04-Aug-2016 13:49:08 UTC] PHP Fatal error:  Cannot access empty property in /home/ubuntu/workspace/02-classes/class/AtributosMetodos.class.php on line 34
[04-Aug-2016 13:49:08 UTC] PHP Stack trace:
[04-Aug-2016 13:49:08 UTC] PHP   1. {main}() /home/ubuntu/workspace/02-classes/02-atributos-e-metodos.php:0
[04-Aug-2016 13:49:08 UTC] PHP   2. AtributosMetodos->getUsuario() /home/ubuntu/workspace/02-classes/02-atributos-e-metodos.php:34
[04-Aug-2016 13:49:29 UTC] PHP Notice:  Undefined variable: Nome in /home/ubuntu/workspace/02-classes/class/AtributosMetodos.class.php on line 36
[04-Aug-2016 13:49:29 UTC] PHP Stack trace:
[04-Aug-2016 13:49:29 UTC] PHP   1. {main}() /home/ubuntu/workspace/02-classes/02-atributos-e-metodos.php:0
[04-Aug-2016 13:49:29 UTC] PHP   2. AtributosMetodos->getUsuario() /home/ubuntu/workspace/02-classes/02-atributos-e-metodos.php:34
[04-Aug-2016 13:49:29 UTC] PHP Fatal error:  Cannot access empty property in /home/ubuntu/workspace/02-classes/class/AtributosMetodos.class.php on line 36
[04-Aug-2016 13:49:29 UTC] PHP Stack trace:
[04-Aug-2016 13:49:29 UTC] PHP   1. {main}() /home/ubuntu/workspace/02-classes/02-atributos-e-metodos.php:0
[04-Aug-2016 13:49:29 UTC] PHP   2. AtributosMetodos->getUsuario() /home/ubuntu/workspace/02-classes/02-atributos-e-metodos.php:34
[04-Aug-2016 13:49:30 UTC] PHP Notice:  Undefined variable: Nome in /home/ubuntu/workspace/02-classes/class/AtributosMetodos.class.php on line 36
[04-Aug-2016 13:49:30 UTC] PHP Stack trace:
[04-Aug-2016 13:49:30 UTC] PHP   1. {main}() /home/ubuntu/workspace/02-classes/02-atributos-e-metodos.php:0
[04-Aug-2016 13:49:30 UTC] PHP   2. AtributosMetodos->getUsuario() /home/ubuntu/workspace/02-classes/02-atributos-e-metodos.php:34
[04-Aug-2016 13:49:30 UTC] PHP Fatal error:  Cannot access empty property in /home/ubuntu/workspace/02-classes/class/AtributosMetodos.class.php on line 36
[04-Aug-2016 13:49:30 UTC] PHP Stack trace:
[04-Aug-2016 13:49:30 UTC] PHP   1. {main}() /home/ubuntu/workspace/02-classes/02-atributos-e-metodos.php:0
[04-Aug-2016 13:49:30 UTC] PHP   2. AtributosMetodos->getUsuario() /home/ubuntu/workspace/02-classes/02-atributos-e-metodos.php:34
[04-Aug-2016 13:50:01 UTC] PHP Notice:  Undefined variable: Nome in /home/ubuntu/workspace/02-classes/class/AtributosMetodos.class.php on line 34
[04-Aug-2016 13:50:01 UTC] PHP Stack trace:
[04-Aug-2016 13:50:01 UTC] PHP   1. {main}() /home/ubuntu/workspace/02-classes/02-atributos-e-metodos.php:0
[04-Aug-2016 13:50:01 UTC] PHP   2. AtributosMetodos->getUsuario() /home/ubuntu/workspace/02-classes/02-atributos-e-metodos.php:34
[04-Aug-2016 13:50:01 UTC] PHP Fatal error:  Cannot access empty property in /home/ubuntu/workspace/02-classes/class/AtributosMetodos.class.php on line 34
[04-Aug-2016 13:50:01 UTC] PHP Stack trace:
[04-Aug-2016 13:50:01 UTC] PHP   1. {main}() /home/ubuntu/workspace/02-classes/02-atributos-e-metodos.php:0
[04-Aug-2016 13:50:01 UTC] PHP   2. AtributosMetodos->getUsuario() /home/ubuntu/workspace/02-classes/02-atributos-e-metodos.php:34
[04-Aug-2016 13:50:51 UTC] PHP Notice:  Undefined variable: Nome in /home/ubuntu/workspace/02-classes/class/AtributosMetodos.class.php on line 34
[04-Aug-2016 13:50:51 UTC] PHP Stack trace:
[04-Aug-2016 13:50:51 UTC] PHP   1. {main}() /home/ubuntu/workspace/02-classes/02-atributos-e-metodos.php:0
[04-Aug-2016 13:50:51 UTC] PHP   2. AtributosMetodos->getUsuario() /home/ubuntu/workspace/02-classes/02-atributos-e-metodos.php:34
[04-Aug-2016 13:50:51 UTC] PHP Fatal error:  Cannot access empty property in /home/ubuntu/workspace/02-classes/class/AtributosMetodos.class.php on line 34
[04-Aug-2016 13:50:51 UTC] PHP Stack trace:
[04-Aug-2016 13:50:51 UTC] PHP   1. {main}() /home/ubuntu/workspace/02-classes/02-atributos-e-metodos.php:0
[04-Aug-2016 13:50:51 UTC] PHP   2. AtributosMetodos->getUsuario() /home/ubuntu/workspace/02-classes/02-atributos-e-metodos.php:34
[04-Aug-2016 13:52:13 UTC] PHP Notice:  Undefined variable: Nome in /home/ubuntu/workspace/02-classes/class/AtributosMetodos.class.php on line 34
[04-Aug-2016 13:52:13 UTC] PHP Stack trace:
[04-Aug-2016 13:52:13 UTC] PHP   1. {main}() /home/ubuntu/workspace/02-classes/02-atributos-e-metodos.php:0
[04-Aug-2016 13:52:13 UTC] PHP   2. AtributosMetodos->getUsuario() /home/ubuntu/workspace/02-classes/02-atributos-e-metodos.php:34
[04-Aug-2016 13:52:13 UTC] PHP Fatal error:  Cannot access empty property in /home/ubuntu/workspace/02-classes/class/AtributosMetodos.class.php on line 34
[04-Aug-2016 13:52:13 UTC] PHP Stack trace:
[04-Aug-2016 13:52:13 UTC] PHP   1. {main}() /home/ubuntu/workspace/02-classes/02-atributos-e-metodos.php:0
[04-Aug-2016 13:52:13 UTC] PHP   2. AtributosMetodos->getUsuario() /home/ubuntu/workspace/02-classes/02-atributos-e-metodos.php:34
[04-Aug-2016 13:55:25 UTC] PHP Parse error:  syntax error, unexpected '{', expecting '(' in /home/ubuntu/workspace/02-classes/class/AtributosMetodos.class.php on line 37
[04-Aug-2016 13:55:25 UTC] PHP Stack trace:
[04-Aug-2016 13:55:25 UTC] PHP   1. {main}() /home/ubuntu/workspace/02-classes/02-atributos-e-metodos.php:0
[04-Aug-2016 13:56:32 UTC] PHP Parse error:  syntax error, unexpected '{', expecting '(' in /home/ubuntu/workspace/02-classes/class/AtributosMetodos.class.php on line 37
[04-Aug-2016 13:56:32 UTC] PHP Stack trace:
[04-Aug-2016 13:56:32 UTC] PHP   1. {main}() /home/ubuntu/workspace/02-classes/02-atributos-e-metodos.php:0
[04-Aug-2016 13:56:52 UTC] PHP Parse error:  syntax error, unexpected '{', expecting '(' in /home/ubuntu/workspace/02-classes/class/AtributosMetodos.class.php on line 37
[04-Aug-2016 13:56:52 UTC] PHP Stack trace:
[04-Aug-2016 13:56:52 UTC] PHP   1. {main}() /home/ubuntu/workspace/02-classes/02-atributos-e-metodos.php:0
[04-Aug-2016 14:08:33 UTC] PHP Notice:  Use of undefined constant teste - assumed 'teste' in /home/ubuntu/workspace/02-classes/02-atributos-e-metodos.php on line 43
[04-Aug-2016 14:08:33 UTC] PHP Stack trace:
[04-Aug-2016 14:08:33 UTC] PHP   1. {main}() /home/ubuntu/workspace/02-classes/02-atributos-e-metodos.php:0
[04-Aug-2016 14:10:25 UTC] PHP Notice:  Undefined variable: idade in /home/ubuntu/workspace/02-classes/class/AtributosMetodos.class.php on line 30
[04-Aug-2016 14:10:25 UTC] PHP Stack trace:
[04-Aug-2016 14:10:25 UTC] PHP   1. {main}() /home/ubuntu/workspace/02-classes/02-atributos-e-metodos.php:0
[04-Aug-2016 14:10:25 UTC] PHP   2. AtributosMetodos->setUsuario() /home/ubuntu/workspace/02-classes/02-atributos-e-metodos.php:31
[04-Aug-2016 15:01:19 UTC] PHP Parse error:  syntax error, unexpected '$thierry' (T_VARIABLE), expecting function (T_FUNCTION) in /home/ubuntu/workspace/02-classes/class/ComportamentoInicial.class.php on line 14
[04-Aug-2016 15:01:19 UTC] PHP Stack trace:
[04-Aug-2016 15:01:19 UTC] PHP   1. {main}() /home/ubuntu/workspace/02-classes/03-comportamento-inicial.php:0
[04-Aug-2016 15:06:29 UTC] PHP Warning:  Missing argument 1 for ComportamentoInicial::__construct(), called in /home/ubuntu/workspace/02-classes/03-comportamento-inicial.php on line 13 and defined in /home/ubuntu/workspace/02-classes/class/ComportamentoInicial.class.php on line 15
[04-Aug-2016 15:06:29 UTC] PHP Stack trace:
[04-Aug-2016 15:06:29 UTC] PHP   1. {main}() /home/ubuntu/workspace/02-classes/03-comportamento-inicial.php:0
[04-Aug-2016 15:06:29 UTC] PHP   2. ComportamentoInicial->__construct() /home/ubuntu/workspace/02-classes/03-comportamento-inicial.php:13
[04-Aug-2016 15:06:29 UTC] PHP Warning:  Missing argument 2 for ComportamentoInicial::__construct(), called in /home/ubuntu/workspace/02-classes/03-comportamento-inicial.php on line 13 and defined in /home/ubuntu/workspace/02-classes/class/ComportamentoInicial.class.php on line 15
[04-Aug-2016 15:06:29 UTC] PHP Stack trace:
[04-Aug-2016 15:06:29 UTC] PHP   1. {main}() /home/ubuntu/workspace/02-classes/03-comportamento-inicial.php:0
[04-Aug-2016 15:06:29 UTC] PHP   2. ComportamentoInicial->__construct() /home/ubuntu/workspace/02-classes/03-comportamento-inicial.php:13
[04-Aug-2016 15:06:29 UTC] PHP Warning:  Missing argument 3 for ComportamentoInicial::__construct(), called in /home/ubuntu/workspace/02-classes/03-comportamento-inicial.php on line 13 and defined in /home/ubuntu/workspace/02-classes/class/ComportamentoInicial.class.php on line 15
[04-Aug-2016 15:06:29 UTC] PHP Stack trace:
[04-Aug-2016 15:06:29 UTC] PHP   1. {main}() /home/ubuntu/workspace/02-classes/03-comportamento-inicial.php:0
[04-Aug-2016 15:06:29 UTC] PHP   2. ComportamentoInicial->__construct() /home/ubuntu/workspace/02-classes/03-comportamento-inicial.php:13
[04-Aug-2016 15:06:29 UTC] PHP Warning:  Missing argument 4 for ComportamentoInicial::__construct(), called in /home/ubuntu/workspace/02-classes/03-comportamento-inicial.php on line 13 and defined in /home/ubuntu/workspace/02-classes/class/ComportamentoInicial.class.php on line 15
[04-Aug-2016 15:06:29 UTC] PHP Stack trace:
[04-Aug-2016 15:06:29 UTC] PHP   1. {main}() /home/ubuntu/workspace/02-classes/03-comportamento-inicial.php:0
[04-Aug-2016 15:06:29 UTC] PHP   2. ComportamentoInicial->__construct() /home/ubuntu/workspace/02-classes/03-comportamento-inicial.php:13
[04-Aug-2016 15:07:46 UTC] PHP Warning:  Missing argument 1 for ComportamentoInicial::__construct(), called in /home/ubuntu/workspace/02-classes/03-comportamento-inicial.php on line 13 and defined in /home/ubuntu/workspace/02-classes/class/ComportamentoInicial.class.php on line 15
[04-Aug-2016 15:07:46 UTC] PHP Stack trace:
[04-Aug-2016 15:07:46 UTC] PHP   1. {main}() /home/ubuntu/workspace/02-classes/03-comportamento-inicial.php:0
[04-Aug-2016 15:07:46 UTC] PHP   2. ComportamentoInicial->__construct() /home/ubuntu/workspace/02-classes/03-comportamento-inicial.php:13
[04-Aug-2016 15:07:46 UTC] PHP Warning:  Missing argument 2 for ComportamentoInicial::__construct(), called in /home/ubuntu/workspace/02-classes/03-comportamento-inicial.php on line 13 and defined in /home/ubuntu/workspace/02-classes/class/ComportamentoInicial.class.php on line 15
[04-Aug-2016 15:07:46 UTC] PHP Stack trace:
[04-Aug-2016 15:07:46 UTC] PHP   1. {main}() /home/ubuntu/workspace/02-classes/03-comportamento-inicial.php:0
[04-Aug-2016 15:07:46 UTC] PHP   2. ComportamentoInicial->__construct() /home/ubuntu/workspace/02-classes/03-comportamento-inicial.php:13
[04-Aug-2016 15:07:46 UTC] PHP Warning:  Missing argument 3 for ComportamentoInicial::__construct(), called in /home/ubuntu/workspace/02-classes/03-comportamento-inicial.php on line 13 and defined in /home/ubuntu/workspace/02-classes/class/ComportamentoInicial.class.php on line 15
[04-Aug-2016 15:07:46 UTC] PHP Stack trace:
[04-Aug-2016 15:07:46 UTC] PHP   1. {main}() /home/ubuntu/workspace/02-classes/03-comportamento-inicial.php:0
[04-Aug-2016 15:07:46 UTC] PHP   2. ComportamentoInicial->__construct() /home/ubuntu/workspace/02-classes/03-comportamento-inicial.php:13
[04-Aug-2016 15:07:46 UTC] PHP Warning:  Missing argument 4 for ComportamentoInicial::__construct(), called in /home/ubuntu/workspace/02-classes/03-comportamento-inicial.php on line 13 and defined in /home/ubuntu/workspace/02-classes/class/ComportamentoInicial.class.php on line 15
[04-Aug-2016 15:07:46 UTC] PHP Stack trace:
[04-Aug-2016 15:07:46 UTC] PHP   1. {main}() /home/ubuntu/workspace/02-classes/03-comportamento-inicial.php:0
[04-Aug-2016 15:07:46 UTC] PHP   2. ComportamentoInicial->__construct() /home/ubuntu/workspace/02-classes/03-comportamento-inicial.php:13
[04-Aug-2016 15:07:46 UTC] PHP Notice:  Undefined variable: Nome in /home/ubuntu/workspace/02-classes/class/ComportamentoInicial.class.php on line 16
[04-Aug-2016 15:07:46 UTC] PHP Stack trace:
[04-Aug-2016 15:07:46 UTC] PHP   1. {main}() /home/ubuntu/workspace/02-classes/03-comportamento-inicial.php:0
[04-Aug-2016 15:07:46 UTC] PHP   2. ComportamentoInicial->__construct() /home/ubuntu/workspace/02-classes/03-comportamento-inicial.php:13
[04-Aug-2016 15:07:46 UTC] PHP Notice:  Undefined variable: Idade in /home/ubuntu/workspace/02-classes/class/ComportamentoInicial.class.php on line 17
[04-Aug-2016 15:07:46 UTC] PHP Stack trace:
[04-Aug-2016 15:07:46 UTC] PHP   1. {main}() /home/ubuntu/workspace/02-classes/03-comportamento-inicial.php:0
[04-Aug-2016 15:07:46 UTC] PHP   2. ComportamentoInicial->__construct() /home/ubuntu/workspace/02-classes/03-comportamento-inicial.php:13
[04-Aug-2016 15:07:46 UTC] PHP Notice:  Undefined variable: Profissao in /home/ubuntu/workspace/02-classes/class/ComportamentoInicial.class.php on line 18
[04-Aug-2016 15:07:46 UTC] PHP Stack trace:
[04-Aug-2016 15:07:46 UTC] PHP   1. {main}() /home/ubuntu/workspace/02-classes/03-comportamento-inicial.php:0
[04-Aug-2016 15:07:46 UTC] PHP   2. ComportamentoInicial->__construct() /home/ubuntu/workspace/02-classes/03-comportamento-inicial.php:13
[04-Aug-2016 15:07:46 UTC] PHP Notice:  Undefined variable: Salario in /home/ubuntu/workspace/02-classes/class/ComportamentoInicial.class.php on line 19
[04-Aug-2016 15:07:46 UTC] PHP Stack trace:
[04-Aug-2016 15:07:46 UTC] PHP   1. {main}() /home/ubuntu/workspace/02-classes/03-comportamento-inicial.php:0
[04-Aug-2016 15:07:46 UTC] PHP   2. ComportamentoInicial->__construct() /home/ubuntu/workspace/02-classes/03-comportamento-inicial.php:13
[04-Aug-2016 15:15:34 UTC] PHP Fatal error:  Destructor ComportamentoInicial::__destruct() cannot take arguments in /home/ubuntu/workspace/02-classes/class/ComportamentoInicial.class.php on line 31
[04-Aug-2016 15:15:34 UTC] PHP Stack trace:
[04-Aug-2016 15:15:34 UTC] PHP   1. {main}() /home/ubuntu/workspace/02-classes/03-comportamento-inicial.php:0
[04-Aug-2016 15:16:06 UTC] PHP Fatal error:  Destructor ComportamentoInicial::__destruct() cannot take arguments in /home/ubuntu/workspace/02-classes/class/ComportamentoInicial.class.php on line 25
[04-Aug-2016 15:16:06 UTC] PHP Stack trace:
[04-Aug-2016 15:16:06 UTC] PHP   1. {main}() /home/ubuntu/workspace/02-classes/03-comportamento-inicial.php:0
[04-Aug-2016 15:16:34 UTC] PHP Fatal error:  Destructor ComportamentoInicial::__destruct() cannot take arguments in /home/ubuntu/workspace/02-classes/class/ComportamentoInicial.class.php on line 25
[04-Aug-2016 15:16:34 UTC] PHP Stack trace:
[04-Aug-2016 15:16:34 UTC] PHP   1. {main}() /home/ubuntu/workspace/02-classes/03-comportamento-inicial.php:0
[04-Aug-2016 15:16:50 UTC] PHP Fatal error:  Destructor ComportamentoInicial::__destruct() cannot take arguments in /home/ubuntu/workspace/02-classes/class/ComportamentoInicial.class.php on line 34
[04-Aug-2016 15:16:50 UTC] PHP Stack trace:
[04-Aug-2016 15:16:50 UTC] PHP   1. {main}() /home/ubuntu/workspace/02-classes/03-comportamento-inicial.php:0
[04-Aug-2016 15:17:57 UTC] PHP Fatal error:  Cannot redeclare ComportamentoInicial::ver() in /home/ubuntu/workspace/02-classes/class/ComportamentoInicial.class.php on line 37
[04-Aug-2016 15:17:57 UTC] PHP Stack trace:
[04-Aug-2016 15:17:57 UTC] PHP   1. {main}() /home/ubuntu/workspace/02-classes/03-comportamento-inicial.php:0
[04-Aug-2016 15:53:12 UTC] PHP Catchable fatal error:  Object of class ReplicaClonagem could not be converted to string in /home/ubuntu/workspace/02-classes/04-replica-e-clonagem.php on line 12
[04-Aug-2016 15:53:12 UTC] PHP Stack trace:
[04-Aug-2016 15:53:12 UTC] PHP   1. {main}() /home/ubuntu/workspace/02-classes/04-replica-e-clonagem.php:0
[04-Aug-2016 15:53:25 UTC] PHP Catchable fatal error:  Object of class ReplicaClonagem could not be converted to string in /home/ubuntu/workspace/02-classes/04-replica-e-clonagem.php on line 12
[04-Aug-2016 15:53:25 UTC] PHP Stack trace:
[04-Aug-2016 15:53:25 UTC] PHP   1. {main}() /home/ubuntu/workspace/02-classes/04-replica-e-clonagem.php:0
[04-Aug-2016 17:44:48 UTC] PHP Catchable fatal error:  Object of class ReplicaClonagem could not be converted to string in /home/ubuntu/workspace/02-classes/04-replica-e-clonagem.php on line 20
[04-Aug-2016 17:44:48 UTC] PHP Stack trace:
[04-Aug-2016 17:44:48 UTC] PHP   1. {main}() /home/ubuntu/workspace/02-classes/04-replica-e-clonagem.php:0
[04-Aug-2016 17:44:56 UTC] PHP Catchable fatal error:  Object of class ReplicaClonagem could not be converted to string in /home/ubuntu/workspace/02-classes/04-replica-e-clonagem.php on line 20
[04-Aug-2016 17:44:56 UTC] PHP Stack trace:
[04-Aug-2016 17:44:56 UTC] PHP   1. {main}() /home/ubuntu/workspace/02-classes/04-replica-e-clonagem.php:0
[04-Aug-2016 17:45:16 UTC] PHP Catchable fatal error:  Object of class ReplicaClonagem could not be converted to string in /home/ubuntu/workspace/02-classes/04-replica-e-clonagem.php on line 20
[04-Aug-2016 17:45:16 UTC] PHP Stack trace:
[04-Aug-2016 17:45:16 UTC] PHP   1. {main}() /home/ubuntu/workspace/02-classes/04-replica-e-clonagem.php:0
[04-Aug-2016 17:45:55 UTC] PHP Catchable fatal error:  Object of class ReplicaClonagem could not be converted to string in /home/ubuntu/workspace/02-classes/04-replica-e-clonagem.php on line 20
[04-Aug-2016 17:45:55 UTC] PHP Stack trace:
[04-Aug-2016 17:45:55 UTC] PHP   1. {main}() /home/ubuntu/workspace/02-classes/04-replica-e-clonagem.php:0
[04-Aug-2016 17:45:57 UTC] PHP Catchable fatal error:  Object of class ReplicaClonagem could not be converted to string in /home/ubuntu/workspace/02-classes/04-replica-e-clonagem.php on line 20
[04-Aug-2016 17:45:57 UTC] PHP Stack trace:
[04-Aug-2016 17:45:57 UTC] PHP   1. {main}() /home/ubuntu/workspace/02-classes/04-replica-e-clonagem.php:0
[04-Aug-2016 18:11:17 UTC] PHP Parse error:  syntax error, unexpected 'var_export' (T_STRING) in /home/ubuntu/workspace/02-classes/04-replica-e-clonagem.php on line 34
[04-Aug-2016 18:11:32 UTC] PHP Parse error:  syntax error, unexpected 'var_dump' (T_STRING) in /home/ubuntu/workspace/02-classes/04-replica-e-clonagem.php on line 34
[04-Aug-2016 18:12:32 UTC] PHP Parse error:  syntax error, unexpected 'var_dump' (T_STRING) in /home/ubuntu/workspace/02-classes/04-replica-e-clonagem.php on line 34
[04-Aug-2016 18:12:46 UTC] PHP Parse error:  syntax error, unexpected 'var_dump' (T_STRING) in /home/ubuntu/workspace/02-classes/04-replica-e-clonagem.php on line 34
[04-Aug-2016 18:12:47 UTC] PHP Parse error:  syntax error, unexpected 'var_dump' (T_STRING) in /home/ubuntu/workspace/02-classes/04-replica-e-clonagem.php on line 34
[04-Aug-2016 18:13:43 UTC] PHP Parse error:  syntax error, unexpected 'var_dump' (T_STRING) in /home/ubuntu/workspace/02-classes/04-replica-e-clonagem.php on line 34
[04-Aug-2016 18:13:45 UTC] PHP Parse error:  syntax error, unexpected 'var_dump' (T_STRING) in /home/ubuntu/workspace/02-classes/04-replica-e-clonagem.php on line 34
[04-Aug-2016 18:13:54 UTC] PHP Parse error:  syntax error, unexpected 'var_dump' (T_STRING) in /home/ubuntu/workspace/02-classes/04-replica-e-clonagem.php on line 34
[04-Aug-2016 18:14:08 UTC] PHP Parse error:  syntax error, unexpected 'var_dump' (T_STRING) in /home/ubuntu/workspace/02-classes/04-replica-e-clonagem.php on line 34
[04-Aug-2016 18:14:30 UTC] PHP Fatal error:  Call to undefined function setTermos() in /home/ubuntu/workspace/02-classes/04-replica-e-clonagem.php on line 30
[04-Aug-2016 18:14:30 UTC] PHP Stack trace:
[04-Aug-2016 18:14:30 UTC] PHP   1. {main}() /home/ubuntu/workspace/02-classes/04-replica-e-clonagem.php:0
[04-Aug-2016 18:14:50 UTC] PHP Fatal error:  Call to undefined function setTermos() in /home/ubuntu/workspace/02-classes/04-replica-e-clonagem.php on line 30
[04-Aug-2016 18:14:50 UTC] PHP Stack trace:
[04-Aug-2016 18:14:50 UTC] PHP   1. {main}() /home/ubuntu/workspace/02-classes/04-replica-e-clonagem.php:0
[04-Aug-2016 18:15:32 UTC] PHP Fatal error:  Call to undefined function setTermos() in /home/ubuntu/workspace/02-classes/04-replica-e-clonagem.php on line 30
[04-Aug-2016 18:15:32 UTC] PHP Stack trace:
[04-Aug-2016 18:15:32 UTC] PHP   1. {main}() /home/ubuntu/workspace/02-classes/04-replica-e-clonagem.php:0
[04-Aug-2016 18:45:57 UTC] PHP Parse error:  syntax error, unexpected 'public' (T_PUBLIC) in /home/ubuntu/workspace/02-classes/05-modelagem-de-class.php on line 12
[04-Aug-2016 19:03:25 UTC] PHP Parse error:  syntax error, unexpected '}', expecting ',' or ';' in /home/ubuntu/workspace/02-classes/class/ModelagemClass.class.php on line 38
[04-Aug-2016 19:03:25 UTC] PHP Stack trace:
[04-Aug-2016 19:03:25 UTC] PHP   1. {main}() /home/ubuntu/workspace/02-classes/05-modelagem-de-class.php:0
[04-Aug-2016 19:08:26 UTC] PHP Parse error:  syntax error, unexpected '->' (T_OBJECT_OPERATOR) in /home/ubuntu/workspace/02-classes/class/ModelagemClass.class.php on line 17
[04-Aug-2016 19:08:26 UTC] PHP Stack trace:
[04-Aug-2016 19:08:26 UTC] PHP   1. {main}() /home/ubuntu/workspace/02-classes/05-modelagem-de-class.php:0
[04-Aug-2016 19:53:36 UTC] PHP Warning:  Missing argument 1 for ModelagemClass::DarEcho(), called in /home/ubuntu/workspace/02-classes/05-modelagem-de-class.php on line 13 and defined in /home/ubuntu/workspace/02-classes/class/ModelagemClass.class.php on line 41
[04-Aug-2016 19:53:36 UTC] PHP Stack trace:
[04-Aug-2016 19:53:36 UTC] PHP   1. {main}() /home/ubuntu/workspace/02-classes/05-modelagem-de-class.php:0
[04-Aug-2016 19:53:36 UTC] PHP   2. ModelagemClass->DarEcho() /home/ubuntu/workspace/02-classes/05-modelagem-de-class.php:13
[04-Aug-2016 19:53:51 UTC] PHP Warning:  Missing argument 1 for ModelagemClass::DarEcho(), called in /home/ubuntu/workspace/02-classes/05-modelagem-de-class.php on line 13 and defined in /home/ubuntu/workspace/02-classes/class/ModelagemClass.class.php on line 41
[04-Aug-2016 19:53:51 UTC] PHP Stack trace:
[04-Aug-2016 19:53:51 UTC] PHP   1. {main}() /home/ubuntu/workspace/02-classes/05-modelagem-de-class.php:0
[04-Aug-2016 19:53:51 UTC] PHP   2. ModelagemClass->DarEcho() /home/ubuntu/workspace/02-classes/05-modelagem-de-class.php:13
[04-Aug-2016 19:54:20 UTC] PHP Warning:  Missing argument 1 for ModelagemClass::DarEcho(), called in /home/ubuntu/workspace/02-classes/05-modelagem-de-class.php on line 13 and defined in /home/ubuntu/workspace/02-classes/class/ModelagemClass.class.php on line 41
[04-Aug-2016 19:54:20 UTC] PHP Stack trace:
[04-Aug-2016 19:54:20 UTC] PHP   1. {main}() /home/ubuntu/workspace/02-classes/05-modelagem-de-class.php:0
[04-Aug-2016 19:54:20 UTC] PHP   2. ModelagemClass->DarEcho() /home/ubuntu/workspace/02-classes/05-modelagem-de-class.php:13
[04-Aug-2016 19:55:06 UTC] PHP Warning:  Missing argument 1 for ModelagemClass::DarEcho(), called in /home/ubuntu/workspace/02-classes/05-modelagem-de-class.php on line 13 and defined in /home/ubuntu/workspace/02-classes/class/ModelagemClass.class.php on line 41
[04-Aug-2016 19:55:06 UTC] PHP Stack trace:
[04-Aug-2016 19:55:06 UTC] PHP   1. {main}() /home/ubuntu/workspace/02-classes/05-modelagem-de-class.php:0
[04-Aug-2016 19:55:06 UTC] PHP   2. ModelagemClass->DarEcho() /home/ubuntu/workspace/02-classes/05-modelagem-de-class.php:13
[04-Aug-2016 19:55:08 UTC] PHP Warning:  Missing argument 1 for ModelagemClass::DarEcho(), called in /home/ubuntu/workspace/02-classes/05-modelagem-de-class.php on line 13 and defined in /home/ubuntu/workspace/02-classes/class/ModelagemClass.class.php on line 41
[04-Aug-2016 19:55:08 UTC] PHP Stack trace:
[04-Aug-2016 19:55:08 UTC] PHP   1. {main}() /home/ubuntu/workspace/02-classes/05-modelagem-de-class.php:0
[04-Aug-2016 19:55:08 UTC] PHP   2. ModelagemClass->DarEcho() /home/ubuntu/workspace/02-classes/05-modelagem-de-class.php:13
[04-Aug-2016 19:56:06 UTC] PHP Warning:  Missing argument 1 for ModelagemClass::DarEcho(), called in /home/ubuntu/workspace/02-classes/05-modelagem-de-class.php on line 13 and defined in /home/ubuntu/workspace/02-classes/class/ModelagemClass.class.php on line 41
[04-Aug-2016 19:56:06 UTC] PHP Stack trace:
[04-Aug-2016 19:56:06 UTC] PHP   1. {main}() /home/ubuntu/workspace/02-classes/05-modelagem-de-class.php:0
[04-Aug-2016 19:56:06 UTC] PHP   2. ModelagemClass->DarEcho() /home/ubuntu/workspace/02-classes/05-modelagem-de-class.php:13
[04-Aug-2016 21:56:13 UTC] PHP Fatal error:  Class 'ClassesObjetos' not found in /home/ubuntu/workspace/02-classes/07-carga-automatica.php on line 12
[04-Aug-2016 21:56:13 UTC] PHP Stack trace:
[04-Aug-2016 21:56:13 UTC] PHP   1. {main}() /home/ubuntu/workspace/02-classes/07-carga-automatica.php:0
[04-Aug-2016 21:56:41 UTC] PHP Fatal error:  Class 'ClassesObjetos' not found in /home/ubuntu/workspace/02-classes/07-carga-automatica.php on line 12
[04-Aug-2016 21:56:41 UTC] PHP Stack trace:
[04-Aug-2016 21:56:41 UTC] PHP   1. {main}() /home/ubuntu/workspace/02-classes/07-carga-automatica.php:0
[04-Aug-2016 21:57:25 UTC] PHP Fatal error:  Class 'ClassesObjetos' not found in /home/ubuntu/workspace/02-classes/07-carga-automatica.php on line 12
[04-Aug-2016 21:57:25 UTC] PHP Stack trace:
[04-Aug-2016 21:57:25 UTC] PHP   1. {main}() /home/ubuntu/workspace/02-classes/07-carga-automatica.php:0
[04-Aug-2016 21:57:30 UTC] PHP Fatal error:  Class 'ClassesObjetos' not found in /home/ubuntu/workspace/02-classes/07-carga-automatica.php on line 12
[04-Aug-2016 21:57:30 UTC] PHP Stack trace:
[04-Aug-2016 21:57:30 UTC] PHP   1. {main}() /home/ubuntu/workspace/02-classes/07-carga-automatica.php:0
[04-Aug-2016 21:57:35 UTC] PHP Fatal error:  Class 'ClassesObjetos' not found in /home/ubuntu/workspace/02-classes/07-carga-automatica.php on line 12
[04-Aug-2016 21:57:35 UTC] PHP Stack trace:
[04-Aug-2016 21:57:35 UTC] PHP   1. {main}() /home/ubuntu/workspace/02-classes/07-carga-automatica.php:0
[04-Aug-2016 22:05:34 UTC] PHP Fatal error:  Class 'ClassesObjetos' not found in /home/ubuntu/workspace/02-classes/07-carga-automatica.php on line 12
[04-Aug-2016 22:05:34 UTC] PHP Stack trace:
[04-Aug-2016 22:05:34 UTC] PHP   1. {main}() /home/ubuntu/workspace/02-classes/07-carga-automatica.php:0
[04-Aug-2016 22:08:42 UTC] PHP Fatal error:  Class 'ClassesObjetos' not found in /home/ubuntu/workspace/02-classes/07-carga-automatica.php on line 12
[04-Aug-2016 22:08:42 UTC] PHP Stack trace:
[04-Aug-2016 22:08:42 UTC] PHP   1. {main}() /home/ubuntu/workspace/02-classes/07-carga-automatica.php:0
[04-Aug-2016 22:08:49 UTC] PHP Fatal error:  Class 'ClassesObjetos' not found in /home/ubuntu/workspace/02-classes/07-carga-automatica.php on line 12
[04-Aug-2016 22:08:49 UTC] PHP Stack trace:
[04-Aug-2016 22:08:49 UTC] PHP   1. {main}() /home/ubuntu/workspace/02-classes/07-carga-automatica.php:0
[04-Aug-2016 22:11:33 UTC] PHP Fatal error:  Class 'ClassesObjetos' not found in /home/ubuntu/workspace/02-classes/07-carga-automatica.php on line 12
[04-Aug-2016 22:11:33 UTC] PHP Stack trace:
[04-Aug-2016 22:11:33 UTC] PHP   1. {main}() /home/ubuntu/workspace/02-classes/07-carga-automatica.php:0
[04-Aug-2016 22:11:36 UTC] PHP Fatal error:  Class 'ClassesObjetos' not found in /home/ubuntu/workspace/02-classes/07-carga-automatica.php on line 12
[04-Aug-2016 22:11:36 UTC] PHP Stack trace:
[04-Aug-2016 22:11:36 UTC] PHP   1. {main}() /home/ubuntu/workspace/02-classes/07-carga-automatica.php:0
[04-Aug-2016 22:12:56 UTC] PHP Fatal error:  Class 'ClassesObjetos' not found in /home/ubuntu/workspace/02-classes/07-carga-automatica.php on line 12
[04-Aug-2016 22:12:56 UTC] PHP Stack trace:
[04-Aug-2016 22:12:56 UTC] PHP   1. {main}() /home/ubuntu/workspace/02-classes/07-carga-automatica.php:0
[04-Aug-2016 22:13:48 UTC] PHP Fatal error:  Class 'ClassesObjetos' not found in /home/ubuntu/workspace/02-classes/07-carga-automatica.php on line 12
[04-Aug-2016 22:13:48 UTC] PHP Stack trace:
[04-Aug-2016 22:13:48 UTC] PHP   1. {main}() /home/ubuntu/workspace/02-classes/07-carga-automatica.php:0
[04-Aug-2016 22:13:52 UTC] PHP Fatal error:  Class 'ClassesObjetos' not found in /home/ubuntu/workspace/02-classes/07-carga-automatica.php on line 12
[04-Aug-2016 22:13:52 UTC] PHP Stack trace:
[04-Aug-2016 22:13:52 UTC] PHP   1. {main}() /home/ubuntu/workspace/02-classes/07-carga-automatica.php:0
[04-Aug-2016 22:13:52 UTC] PHP Fatal error:  Class 'ClassesObjetos' not found in /home/ubuntu/workspace/02-classes/07-carga-automatica.php on line 12
[04-Aug-2016 22:13:52 UTC] PHP Stack trace:
[04-Aug-2016 22:13:52 UTC] PHP   1. {main}() /home/ubuntu/workspace/02-classes/07-carga-automatica.php:0
[04-Aug-2016 22:16:03 UTC] PHP Fatal error:  Class 'ClassesObjetos' not found in /home/ubuntu/workspace/02-classes/07-carga-automatica.php on line 12
[04-Aug-2016 22:16:03 UTC] PHP Stack trace:
[04-Aug-2016 22:16:03 UTC] PHP   1. {main}() /home/ubuntu/workspace/02-classes/07-carga-automatica.php:0
[04-Aug-2016 22:17:42 UTC] PHP Fatal error:  Class 'ClassesObjetos' not found in /home/ubuntu/workspace/02-classes/07-carga-automatica.php on line 12
[04-Aug-2016 22:17:42 UTC] PHP Stack trace:
[04-Aug-2016 22:17:42 UTC] PHP   1. {main}() /home/ubuntu/workspace/02-classes/07-carga-automatica.php:0
[04-Aug-2016 22:18:08 UTC] PHP Fatal error:  Class 'ClassesObjetos' not found in /home/ubuntu/workspace/02-classes/07-carga-automatica.php on line 12
[04-Aug-2016 22:18:08 UTC] PHP Stack trace:
[04-Aug-2016 22:18:08 UTC] PHP   1. {main}() /home/ubuntu/workspace/02-classes/07-carga-automatica.php:0
[04-Aug-2016 22:18:50 UTC] PHP Fatal error:  Class 'ClassesObjetos' not found in /home/ubuntu/workspace/02-classes/07-carga-automatica.php on line 12
[04-Aug-2016 22:18:50 UTC] PHP Stack trace:
[04-Aug-2016 22:18:50 UTC] PHP   1. {main}() /home/ubuntu/workspace/02-classes/07-carga-automatica.php:0
[04-Aug-2016 22:20:04 UTC] PHP Parse error:  syntax error, unexpected '=>' (T_DOUBLE_ARROW) in /home/ubuntu/workspace/02-classes/class/ModelagemClass.class.php on line 23
[04-Aug-2016 22:20:04 UTC] PHP Stack trace:
[04-Aug-2016 22:20:04 UTC] PHP   1. {main}() /home/ubuntu/workspace/02-classes/05-modelagem-de-class.php:0
[04-Aug-2016 22:20:13 UTC] PHP Parse error:  syntax error, unexpected '"teste"' (T_CONSTANT_ENCAPSED_STRING), expecting identifier (T_STRING) or variable (T_VARIABLE) or '{' or '$' in /home/ubuntu/workspace/02-classes/class/ModelagemClass.class.php on line 23
[04-Aug-2016 22:20:13 UTC] PHP Stack trace:
[04-Aug-2016 22:20:13 UTC] PHP   1. {main}() /home/ubuntu/workspace/02-classes/05-modelagem-de-class.php:0
[04-Aug-2016 22:20:39 UTC] PHP Fatal error:  Class 'ClassesObjetos' not found in /home/ubuntu/workspace/02-classes/07-carga-automatica.php on line 12
[04-Aug-2016 22:20:39 UTC] PHP Stack trace:
[04-Aug-2016 22:20:39 UTC] PHP   1. {main}() /home/ubuntu/workspace/02-classes/07-carga-automatica.php:0
[05-Aug-2016 13:27:27 UTC] PHP Fatal error:  Class 'Whoops\Run' not found in /home/ubuntu/workspace/02-classes/class/ReplicaClonagem.class.php on line 3
[05-Aug-2016 13:27:27 UTC] PHP Stack trace:
[05-Aug-2016 13:27:27 UTC] PHP   1. {main}() /home/ubuntu/workspace/02-classes/04-replica-e-clonagem.php:0
[05-Aug-2016 13:27:27 UTC] PHP   2. require() /home/ubuntu/workspace/02-classes/04-replica-e-clonagem.php:10
[05-Aug-2016 13:27:31 UTC] PHP Fatal error:  Class 'Whoops\Run' not found in /home/ubuntu/workspace/02-classes/class/ReplicaClonagem.class.php on line 3
[05-Aug-2016 13:27:31 UTC] PHP Stack trace:
[05-Aug-2016 13:27:31 UTC] PHP   1. {main}() /home/ubuntu/workspace/02-classes/04-replica-e-clonagem.php:0
[05-Aug-2016 13:27:31 UTC] PHP   2. require() /home/ubuntu/workspace/02-classes/04-replica-e-clonagem.php:10
[05-Aug-2016 13:28:02 UTC] PHP Fatal error:  Class 'Whoops\Run' not found in /home/ubuntu/workspace/02-classes/05-modelagem-de-class.php on line 10
[05-Aug-2016 13:28:02 UTC] PHP Stack trace:
[05-Aug-2016 13:28:02 UTC] PHP   1. {main}() /home/ubuntu/workspace/02-classes/05-modelagem-de-class.php:0
[05-Aug-2016 13:28:08 UTC] PHP Fatal error:  Class 'Whoops\Run' not found in /home/ubuntu/workspace/02-classes/05-modelagem-de-class.php on line 10
[05-Aug-2016 13:28:08 UTC] PHP Stack trace:
[05-Aug-2016 13:28:08 UTC] PHP   1. {main}() /home/ubuntu/workspace/02-classes/05-modelagem-de-class.php:0
[05-Aug-2016 13:30:25 UTC] PHP Parse error:  syntax error, unexpected '.' in /home/ubuntu/workspace/02-classes/05-modelagem-de-class.php on line 10
[05-Aug-2016 13:30:38 UTC] PHP Fatal error:  Class 'vendor\filp\Whoops\Run' not found in /home/ubuntu/workspace/02-classes/05-modelagem-de-class.php on line 10
[05-Aug-2016 13:30:38 UTC] PHP Stack trace:
[05-Aug-2016 13:30:38 UTC] PHP   1. {main}() /home/ubuntu/workspace/02-classes/05-modelagem-de-class.php:0
[05-Aug-2016 13:30:59 UTC] PHP Fatal error:  Class 'Whoops\Run' not found in /home/ubuntu/workspace/02-classes/05-modelagem-de-class.php on line 10
[05-Aug-2016 13:30:59 UTC] PHP Stack trace:
[05-Aug-2016 13:30:59 UTC] PHP   1. {main}() /home/ubuntu/workspace/02-classes/05-modelagem-de-class.php:0
[05-Aug-2016 13:31:56 UTC] PHP Fatal error:  Class 'Whoops\Run' not found in /home/ubuntu/workspace/02-classes/05-modelagem-de-class.php on line 10
[05-Aug-2016 13:31:56 UTC] PHP Stack trace:
[05-Aug-2016 13:31:56 UTC] PHP   1. {main}() /home/ubuntu/workspace/02-classes/05-modelagem-de-class.php:0
[05-Aug-2016 13:32:11 UTC] PHP Fatal error:  Class 'Whoops\Run' not found in /home/ubuntu/workspace/02-classes/05-modelagem-de-class.php on line 10
[05-Aug-2016 13:32:11 UTC] PHP Stack trace:
[05-Aug-2016 13:32:11 UTC] PHP   1. {main}() /home/ubuntu/workspace/02-classes/05-modelagem-de-class.php:0
[05-Aug-2016 13:32:14 UTC] PHP Fatal error:  Class 'Whoops\Run' not found in /home/ubuntu/workspace/02-classes/05-modelagem-de-class.php on line 10
[05-Aug-2016 13:32:14 UTC] PHP Stack trace:
[05-Aug-2016 13:32:14 UTC] PHP   1. {main}() /home/ubuntu/workspace/02-classes/05-modelagem-de-class.php:0
[05-Aug-2016 13:32:24 UTC] PHP Fatal error:  Class 'Whoops\Run' not found in /home/ubuntu/workspace/02-classes/class/ModelagemClass.class.php on line 3
[05-Aug-2016 13:32:24 UTC] PHP Stack trace:
[05-Aug-2016 13:32:24 UTC] PHP   1. {main}() /home/ubuntu/workspace/02-classes/05-modelagem-de-class.php:0
[05-Aug-2016 13:32:24 UTC] PHP   2. require() /home/ubuntu/workspace/02-classes/05-modelagem-de-class.php:10
[05-Aug-2016 13:42:01 UTC] PHP Fatal error:  Class 'ClassesObjetos' not found in /home/ubuntu/workspace/02-classes/07-carga-automatica.php on line 12
[05-Aug-2016 13:42:01 UTC] PHP Stack trace:
[05-Aug-2016 13:42:01 UTC] PHP   1. {main}() /home/ubuntu/workspace/02-classes/07-carga-automatica.php:0
[05-Aug-2016 13:42:03 UTC] PHP Fatal error:  Class 'ClassesObjetos' not found in /home/ubuntu/workspace/02-classes/07-carga-automatica.php on line 12
[05-Aug-2016 13:42:03 UTC] PHP Stack trace:
[05-Aug-2016 13:42:03 UTC] PHP   1. {main}() /home/ubuntu/workspace/02-classes/07-carga-automatica.php:0
[05-Aug-2016 13:46:39 UTC] PHP Parse error:  syntax error, unexpected 'echo' (T_ECHO) in /home/ubuntu/workspace/02-classes/inc/Config.inc.php on line 8
[05-Aug-2016 13:46:39 UTC] PHP Stack trace:
[05-Aug-2016 13:46:39 UTC] PHP   1. {main}() /home/ubuntu/workspace/02-classes/07-carga-automatica.php:0
[05-Aug-2016 13:46:47 UTC] PHP Parse error:  syntax error, unexpected 'else' (T_ELSE) in /home/ubuntu/workspace/02-classes/inc/Config.inc.php on line 9
[05-Aug-2016 13:46:47 UTC] PHP Stack trace:
[05-Aug-2016 13:46:47 UTC] PHP   1. {main}() /home/ubuntu/workspace/02-classes/07-carga-automatica.php:0
[05-Aug-2016 13:46:55 UTC] PHP Parse error:  syntax error, unexpected '}' in /home/ubuntu/workspace/02-classes/inc/Config.inc.php on line 11
[05-Aug-2016 13:46:55 UTC] PHP Stack trace:
[05-Aug-2016 13:46:55 UTC] PHP   1. {main}() /home/ubuntu/workspace/02-classes/07-carga-automatica.php:0
[05-Aug-2016 13:47:11 UTC] PHP Parse error:  syntax error, unexpected '}' in /home/ubuntu/workspace/02-classes/inc/Config.inc.php on line 11
[05-Aug-2016 13:47:11 UTC] PHP Stack trace:
[05-Aug-2016 13:47:11 UTC] PHP   1. {main}() /home/ubuntu/workspace/02-classes/07-carga-automatica.php:0
[05-Aug-2016 13:47:28 UTC] PHP Parse error:  syntax error, unexpected '}' in /home/ubuntu/workspace/02-classes/inc/Config.inc.php on line 11
[05-Aug-2016 13:47:28 UTC] PHP Stack trace:
[05-Aug-2016 13:47:28 UTC] PHP   1. {main}() /home/ubuntu/workspace/02-classes/07-carga-automatica.php:0
[05-Aug-2016 13:47:37 UTC] PHP Parse error:  syntax error, unexpected '}' in /home/ubuntu/workspace/02-classes/inc/Config.inc.php on line 11
[05-Aug-2016 13:47:37 UTC] PHP Stack trace:
[05-Aug-2016 13:47:37 UTC] PHP   1. {main}() /home/ubuntu/workspace/02-classes/07-carga-automatica.php:0
[05-Aug-2016 13:48:04 UTC] PHP Parse error:  syntax error, unexpected '}' in /home/ubuntu/workspace/02-classes/inc/Config.inc.php on line 13
[05-Aug-2016 13:48:04 UTC] PHP Stack trace:
[05-Aug-2016 13:48:04 UTC] PHP   1. {main}() /home/ubuntu/workspace/02-classes/07-carga-automatica.php:0
[05-Aug-2016 13:48:27 UTC] PHP Warning:  require_once(/class/): failed to open stream: No such file or directory in /home/ubuntu/workspace/02-classes/inc/Config.inc.php on line 8
[05-Aug-2016 13:48:27 UTC] PHP Stack trace:
[05-Aug-2016 13:48:27 UTC] PHP   1. {main}() /home/ubuntu/workspace/02-classes/07-carga-automatica.php:0
[05-Aug-2016 13:48:27 UTC] PHP   2. __autoload() /home/ubuntu/workspace/02-classes/07-carga-automatica.php:12
[05-Aug-2016 13:48:27 UTC] PHP Fatal error:  require_once(): Failed opening required '/class/' (include_path='.:/usr/share/php:/usr/share/pear') in /home/ubuntu/workspace/02-classes/inc/Config.inc.php on line 8
[05-Aug-2016 13:48:27 UTC] PHP Stack trace:
[05-Aug-2016 13:48:27 UTC] PHP   1. {main}() /home/ubuntu/workspace/02-classes/07-carga-automatica.php:0
[05-Aug-2016 13:48:27 UTC] PHP   2. __autoload() /home/ubuntu/workspace/02-classes/07-carga-automatica.php:12
[05-Aug-2016 14:08:21 UTC] PHP Warning:  require_once(/class/): failed to open stream: No such file or directory in /home/ubuntu/workspace/02-classes/inc/Config.inc.php on line 8
[05-Aug-2016 14:08:21 UTC] PHP Stack trace:
[05-Aug-2016 14:08:21 UTC] PHP   1. {main}() /home/ubuntu/workspace/02-classes/07-carga-automatica.php:0
[05-Aug-2016 14:08:21 UTC] PHP   2. __autoload() /home/ubuntu/workspace/02-classes/07-carga-automatica.php:12
[05-Aug-2016 14:08:21 UTC] PHP Fatal error:  require_once(): Failed opening required '/class/' (include_path='.:/usr/share/php:/usr/share/pear') in /home/ubuntu/workspace/02-classes/inc/Config.inc.php on line 8
[05-Aug-2016 14:08:21 UTC] PHP Stack trace:
[05-Aug-2016 14:08:21 UTC] PHP   1. {main}() /home/ubuntu/workspace/02-classes/07-carga-automatica.php:0
[05-Aug-2016 14:08:21 UTC] PHP   2. __autoload() /home/ubuntu/workspace/02-classes/07-carga-automatica.php:12
[05-Aug-2016 14:08:24 UTC] PHP Warning:  require_once(/class/): failed to open stream: No such file or directory in /home/ubuntu/workspace/02-classes/inc/Config.inc.php on line 8
[05-Aug-2016 14:08:24 UTC] PHP Stack trace:
[05-Aug-2016 14:08:24 UTC] PHP   1. {main}() /home/ubuntu/workspace/02-classes/07-carga-automatica.php:0
[05-Aug-2016 14:08:24 UTC] PHP   2. __autoload() /home/ubuntu/workspace/02-classes/07-carga-automatica.php:12
[05-Aug-2016 14:08:24 UTC] PHP Fatal error:  require_once(): Failed opening required '/class/' (include_path='.:/usr/share/php:/usr/share/pear') in /home/ubuntu/workspace/02-classes/inc/Config.inc.php on line 8
[05-Aug-2016 14:08:24 UTC] PHP Stack trace:
[05-Aug-2016 14:08:24 UTC] PHP   1. {main}() /home/ubuntu/workspace/02-classes/07-carga-automatica.php:0
[05-Aug-2016 14:08:24 UTC] PHP   2. __autoload() /home/ubuntu/workspace/02-classes/07-carga-automatica.php:12
[05-Aug-2016 14:09:15 UTC] PHP Fatal error:  Class 'ClassesObjetos' not found in /home/ubuntu/workspace/02-classes/07-carga-automatica.php on line 12
[05-Aug-2016 14:09:15 UTC] PHP Stack trace:
[05-Aug-2016 14:09:15 UTC] PHP   1. {main}() /home/ubuntu/workspace/02-classes/07-carga-automatica.php:0
[05-Aug-2016 14:09:33 UTC] PHP Warning:  require_once(/class/): failed to open stream: No such file or directory in /home/ubuntu/workspace/02-classes/inc/Config.inc.php on line 10
[05-Aug-2016 14:09:33 UTC] PHP Stack trace:
[05-Aug-2016 14:09:33 UTC] PHP   1. {main}() /home/ubuntu/workspace/02-classes/07-carga-automatica.php:0
[05-Aug-2016 14:09:33 UTC] PHP   2. __autoload() /home/ubuntu/workspace/02-classes/07-carga-automatica.php:12
[05-Aug-2016 14:09:33 UTC] PHP Fatal error:  require_once(): Failed opening required '/class/' (include_path='.:/usr/share/php:/usr/share/pear') in /home/ubuntu/workspace/02-classes/inc/Config.inc.php on line 10
[05-Aug-2016 14:09:33 UTC] PHP Stack trace:
[05-Aug-2016 14:09:33 UTC] PHP   1. {main}() /home/ubuntu/workspace/02-classes/07-carga-automatica.php:0
[05-Aug-2016 14:09:33 UTC] PHP   2. __autoload() /home/ubuntu/workspace/02-classes/07-carga-automatica.php:12
[05-Aug-2016 14:09:38 UTC] PHP Warning:  require_once(/home/ubuntu/workspace/02-classes/class): failed to open stream: Transport endpoint is not connected in /home/ubuntu/workspace/02-classes/inc/Config.inc.php on line 10
[05-Aug-2016 14:09:38 UTC] PHP Stack trace:
[05-Aug-2016 14:09:38 UTC] PHP   1. {main}() /home/ubuntu/workspace/02-classes/07-carga-automatica.php:0
[05-Aug-2016 14:09:38 UTC] PHP   2. __autoload() /home/ubuntu/workspace/02-classes/07-carga-automatica.php:12
[05-Aug-2016 14:09:38 UTC] PHP Fatal error:  require_once(): Failed opening required 'class/' (include_path='.:/usr/share/php:/usr/share/pear') in /home/ubuntu/workspace/02-classes/inc/Config.inc.php on line 10
[05-Aug-2016 14:09:38 UTC] PHP Stack trace:
[05-Aug-2016 14:09:38 UTC] PHP   1. {main}() /home/ubuntu/workspace/02-classes/07-carga-automatica.php:0
[05-Aug-2016 14:09:38 UTC] PHP   2. __autoload() /home/ubuntu/workspace/02-classes/07-carga-automatica.php:12
[05-Aug-2016 14:09:45 UTC] PHP Warning:  require_once(/class): failed to open stream: No such file or directory in /home/ubuntu/workspace/02-classes/inc/Config.inc.php on line 10
[05-Aug-2016 14:09:45 UTC] PHP Stack trace:
[05-Aug-2016 14:09:45 UTC] PHP   1. {main}() /home/ubuntu/workspace/02-classes/07-carga-automatica.php:0
[05-Aug-2016 14:09:45 UTC] PHP   2. __autoload() /home/ubuntu/workspace/02-classes/07-carga-automatica.php:12
[05-Aug-2016 14:09:45 UTC] PHP Fatal error:  require_once(): Failed opening required '/class' (include_path='.:/usr/share/php:/usr/share/pear') in /home/ubuntu/workspace/02-classes/inc/Config.inc.php on line 10
[05-Aug-2016 14:09:45 UTC] PHP Stack trace:
[05-Aug-2016 14:09:45 UTC] PHP   1. {main}() /home/ubuntu/workspace/02-classes/07-carga-automatica.php:0
[05-Aug-2016 14:09:45 UTC] PHP   2. __autoload() /home/ubuntu/workspace/02-classes/07-carga-automatica.php:12
[05-Aug-2016 14:11:03 UTC] PHP Parse error:  syntax error, unexpected ':', expecting ';' in /home/ubuntu/workspace/02-classes/inc/Config.inc.php on line 13
[05-Aug-2016 14:11:03 UTC] PHP Stack trace:
[05-Aug-2016 14:11:03 UTC] PHP   1. {main}() /home/ubuntu/workspace/02-classes/07-carga-automatica.php:0
[05-Aug-2016 14:14:49 UTC] PHP Fatal error:  Class 'AtrtibutosMetodos' not found in /home/ubuntu/workspace/02-classes/07-carga-automatica.php on line 13
[05-Aug-2016 14:14:49 UTC] PHP Stack trace:
[05-Aug-2016 14:14:49 UTC] PHP   1. {main}() /home/ubuntu/workspace/02-classes/07-carga-automatica.php:0
[05-Aug-2016 14:19:18 UTC] PHP Notice:  Undefined variable: classeB in /home/ubuntu/workspace/02-classes/07-carga-automatica.php on line 16
[05-Aug-2016 14:19:18 UTC] PHP Stack trace:
[05-Aug-2016 14:19:18 UTC] PHP   1. {main}() /home/ubuntu/workspace/02-classes/07-carga-automatica.php:0
[05-Aug-2016 14:58:57 UTC] PHP Parse error:  syntax error, unexpected 'public' (T_PUBLIC) in /home/ubuntu/workspace/03-heranca/class/Heranca.class.php on line 3
[05-Aug-2016 14:58:57 UTC] PHP Stack trace:
[05-Aug-2016 14:58:57 UTC] PHP   1. {main}() /home/ubuntu/workspace/03-heranca/01-conceito-de-heranca.php:0
[05-Aug-2016 14:58:57 UTC] PHP   2. __autoload() /home/ubuntu/workspace/03-heranca/01-conceito-de-heranca.php:11
[05-Aug-2016 14:58:58 UTC] PHP Parse error:  syntax error, unexpected 'public' (T_PUBLIC) in /home/ubuntu/workspace/03-heranca/class/Heranca.class.php on line 3
[05-Aug-2016 14:58:58 UTC] PHP Stack trace:
[05-Aug-2016 14:58:58 UTC] PHP   1. {main}() /home/ubuntu/workspace/03-heranca/01-conceito-de-heranca.php:0
[05-Aug-2016 14:58:58 UTC] PHP   2. __autoload() /home/ubuntu/workspace/03-heranca/01-conceito-de-heranca.php:11
[05-Aug-2016 15:06:10 UTC] PHP Fatal error:  Using $this when not in object context in /home/ubuntu/workspace/03-heranca/01-conceito-de-heranca.php on line 17
[05-Aug-2016 15:06:10 UTC] PHP Stack trace:
[05-Aug-2016 15:06:10 UTC] PHP   1. {main}() /home/ubuntu/workspace/03-heranca/01-conceito-de-heranca.php:0
[05-Aug-2016 15:14:28 UTC] PHP Warning:  Missing argument 1 for Heranca::VerPessoa(), called in /home/ubuntu/workspace/03-heranca/01-conceito-de-heranca.php on line 23 and defined in /home/ubuntu/workspace/03-heranca/class/Heranca.class.php on line 23
[05-Aug-2016 15:14:28 UTC] PHP Stack trace:
[05-Aug-2016 15:14:28 UTC] PHP   1. {main}() /home/ubuntu/workspace/03-heranca/01-conceito-de-heranca.php:0
[05-Aug-2016 15:14:28 UTC] PHP   2. Heranca->VerPessoa() /home/ubuntu/workspace/03-heranca/01-conceito-de-heranca.php:23
[05-Aug-2016 15:14:46 UTC] PHP Fatal error:  Cannot re-assign $this in /home/ubuntu/workspace/03-heranca/class/Heranca.class.php on line 23
[05-Aug-2016 15:14:46 UTC] PHP Stack trace:
[05-Aug-2016 15:14:46 UTC] PHP   1. {main}() /home/ubuntu/workspace/03-heranca/01-conceito-de-heranca.php:0
[05-Aug-2016 15:14:46 UTC] PHP   2. __autoload() /home/ubuntu/workspace/03-heranca/01-conceito-de-heranca.php:11
[05-Aug-2016 15:16:32 UTC] PHP Fatal error:  Function name must be a string in /home/ubuntu/workspace/03-heranca/class/Heranca.class.php on line 12
[05-Aug-2016 15:16:32 UTC] PHP Stack trace:
[05-Aug-2016 15:16:32 UTC] PHP   1. {main}() /home/ubuntu/workspace/03-heranca/01-conceito-de-heranca.php:0
[05-Aug-2016 15:16:32 UTC] PHP   2. Heranca->__construct() /home/ubuntu/workspace/03-heranca/01-conceito-de-heranca.php:11
[05-Aug-2016 15:17:04 UTC] PHP Fatal error:  Function name must be a string in /home/ubuntu/workspace/03-heranca/class/Heranca.class.php on line 12
[05-Aug-2016 15:17:04 UTC] PHP Stack trace:
[05-Aug-2016 15:17:04 UTC] PHP   1. {main}() /home/ubuntu/workspace/03-heranca/01-conceito-de-heranca.php:0
[05-Aug-2016 15:17:04 UTC] PHP   2. Heranca->__construct() /home/ubuntu/workspace/03-heranca/01-conceito-de-heranca.php:11
