[2016-12-28 22:45:24] name.WARNING: Foo [] []
[2016-12-28 22:45:24] name.ERROR: Bar [] []
[2016-12-29 02:18:17] name.WARNING: Foo [] []
[2016-12-29 02:18:17] name.ERROR: Bar [] []
[2016-12-29 02:18:24] name.WARNING: Foo [] []
[2016-12-29 02:18:24] name.ERROR: Bar [] []
[2016-12-29 02:18:42] name.WARNING: Foo [] []
[2016-12-29 02:18:42] name.ERROR: Bar [] []
[2016-12-29 02:19:04] name.WARNING: Foo [] []
[2016-12-29 02:19:04] name.ERROR: Bar [] []
[2016-12-29 02:19:26] name.WARNING: Foo [] []
[2016-12-29 02:19:26] name.ERROR: Bar [] []
[2016-12-29 02:19:52] name.WARNING: Foo [] []
[2016-12-29 02:19:52] name.ERROR: Bar [] []
[2016-12-29 02:19:59] name.WARNING: Foo [] []
[2016-12-29 02:19:59] name.ERROR: Bar [] []
[2016-12-29 02:20:07] name.WARNING: Foo [] []
[2016-12-29 02:20:07] name.ERROR: Bar [] []
[2016-12-29 02:21:00] name.WARNING: Foo [] []
[2016-12-29 02:21:00] name.ERROR: Bar [] []
[2016-12-29 02:21:22] name.WARNING: Foo [] []
[2016-12-29 02:21:22] name.ERROR: Bar [] []
[2016-12-29 02:22:02] name.WARNING: Foo [] []
[2016-12-29 02:22:02] name.ERROR: Bar [] []
[2016-12-29 02:22:23] name.WARNING: Foo [] []
[2016-12-29 02:22:23] name.ERROR: Bar [] []
[2016-12-29 02:22:32] name.WARNING: Foo [] []
[2016-12-29 02:22:32] name.ERROR: Bar [] []
[2016-12-29 02:23:38] name.WARNING: Foo [] []
[2016-12-29 02:23:38] name.ERROR: Bar [] []
[2016-12-29 02:24:08] name.WARNING: Foo [] []
[2016-12-29 02:24:08] name.ERROR: Bar [] []
[2016-12-29 02:25:00] name.WARNING: Foo [] []
[2016-12-29 02:25:00] name.ERROR: Bar [] []
[2016-12-29 02:26:19] name.WARNING: Foo [] []
[2016-12-29 02:26:19] name.ERROR: Bar [] []
[2016-12-29 02:26:47] name.WARNING: Foo [] []
[2016-12-29 02:26:47] name.ERROR: Bar [] []
[2016-12-29 02:27:06] name.WARNING: Foo [] []
[2016-12-29 02:27:06] name.ERROR: Bar [] []
[2016-12-29 02:27:27] name.WARNING: Foo [] []
[2016-12-29 02:27:27] name.ERROR: Bar [] []
[2016-12-29 02:31:59] treinando-php-reload-thierryrene.c9users.io.WARNING: [DESCRIÇÃO CADASTRADA] [] []
[2016-12-29 02:31:59] treinando-php-reload-thierryrene.c9users.io.WARNING: [PRAZO CADASTRADO] [] []
[2016-12-29 02:31:59] treinando-php-reload-thierryrene.c9users.io.WARNING: [PRIORIDADE CADASTRADA] [] []
[2016-12-29 02:31:59] treinando-php-reload-thierryrene.c9users.io.WARNING: [TAREFA CONCLUIDA MARCADA] [] []
[2016-12-29 02:31:59] treinando-php-reload-thierryrene.c9users.io.WARNING: [CRIADA SESSÃO COM VALORES] [] []
[2016-12-29 02:32:24] treinando-php-reload-thierryrene.c9users.io.WARNING: [DESCRIÇÃO CADASTRADA] [] []
[2016-12-29 02:32:24] treinando-php-reload-thierryrene.c9users.io.WARNING: [PRAZO CADASTRADO] [] []
[2016-12-29 02:32:24] treinando-php-reload-thierryrene.c9users.io.WARNING: [PRIORIDADE CADASTRADA] [] []
[2016-12-29 02:32:24] treinando-php-reload-thierryrene.c9users.io.WARNING: [TAREFA CONCLUIDA MARCADA] [] []
[2016-12-29 02:32:24] treinando-php-reload-thierryrene.c9users.io.WARNING: [CRIADA SESSÃO COM VALORES] [] []
[2016-12-29 02:33:01] treinando-php-reload-thierryrene.c9users.io.WARNING: [DESCRIÇÃO CADASTRADA] [] []
[2016-12-29 02:33:01] treinando-php-reload-thierryrene.c9users.io.WARNING: [PRAZO CADASTRADO] [] []
[2016-12-29 02:33:01] treinando-php-reload-thierryrene.c9users.io.WARNING: [PRIORIDADE CADASTRADA] [] []
[2016-12-29 02:33:01] treinando-php-reload-thierryrene.c9users.io.WARNING: [TAREFA CONCLUIDA NÃO MARCADA] [] []
[2016-12-29 02:33:01] treinando-php-reload-thierryrene.c9users.io.WARNING: [CRIADA SESSÃO COM VALORES] [] []
[2016-12-29 02:33:22] 172.17.0.78.WARNING: [DESCRIÇÃO CADASTRADA] [] []
[2016-12-29 02:33:22] 172.17.0.78.WARNING: [PRAZO CADASTRADO] [] []
[2016-12-29 02:33:22] 172.17.0.78.WARNING: [PRIORIDADE CADASTRADA] [] []
[2016-12-29 02:33:22] 172.17.0.78.WARNING: [TAREFA CONCLUIDA NÃO MARCADA] [] []
[2016-12-29 02:33:22] 172.17.0.78.WARNING: [CRIADA SESSÃO COM VALORES] [] []
[2016-12-29 02:34:26] 172.17.0.78.WARNING: [DESCRIÇÃO CADASTRADA] [] []
[2016-12-29 02:34:26] 172.17.0.78.WARNING: [PRAZO CADASTRADO] [] []
[2016-12-29 02:34:26] 172.17.0.78.WARNING: [PRIORIDADE CADASTRADA] [] []
[2016-12-29 02:34:26] 172.17.0.78.WARNING: [TAREFA CONCLUIDA NÃO MARCADA] [] []
[2016-12-29 02:34:26] 172.17.0.78.WARNING: [CRIADA SESSÃO COM VALORES] [] []
[2016-12-29 02:36:08] 172.17.0.78.WARNING: [DESCRIÇÃO CADASTRADA] [] []
[2016-12-29 02:36:08] 172.17.0.78.WARNING: [PRAZO CADASTRADO] [] []
[2016-12-29 02:36:08] 172.17.0.78.WARNING: [PRIORIDADE CADASTRADA] [] []
[2016-12-29 02:36:08] 172.17.0.78.WARNING: [TAREFA CONCLUIDA NÃO MARCADA] [] []
[2016-12-29 02:36:08] 172.17.0.78.WARNING: [CRIADA SESSÃO COM VALORES] [] []
[2016-12-29 02:37:03] 172.17.0.78.WARNING: [DESCRIÇÃO CADASTRADA] [] []
[2016-12-29 02:37:03] 172.17.0.78.WARNING: [PRAZO CADASTRADO] [] []
[2016-12-29 02:37:03] 172.17.0.78.WARNING: [PRIORIDADE CADASTRADA] [] []
[2016-12-29 02:37:03] 172.17.0.78.WARNING: [TAREFA CONCLUIDA NÃO MARCADA] [] []
[2016-12-29 02:37:03] 172.17.0.78.WARNING: [CRIADA SESSÃO COM VALORES] [] []
[2016-12-29 02:40:35] 172.17.0.78.WARNING: [DESCRIÇÃO CADASTRADA] [] []
[2016-12-29 02:40:35] 172.17.0.78.WARNING: [PRAZO CADASTRADO] [] []
[2016-12-29 02:40:35] 172.17.0.78.WARNING: [PRIORIDADE CADASTRADA] [] []
[2016-12-29 02:40:35] 172.17.0.78.ERROR: [TAREFA CONCLUIDA NÃO MARCADA] [] []
[2016-12-29 02:40:35] 172.17.0.78.WARNING: [CRIADA SESSÃO COM VALORES] [] []
[2016-12-29 02:41:06] 172.17.0.78.WARNING: [DESCRIÇÃO CADASTRADA] [] []
[2016-12-29 02:41:06] 172.17.0.78.WARNING: [PRAZO CADASTRADO] [] []
[2016-12-29 02:41:06] 172.17.0.78.WARNING: [PRIORIDADE CADASTRADA] [] []
[2016-12-29 02:41:06] 172.17.0.78.ERROR: [TAREFA CONCLUIDA NÃO MARCADA] [] []
[2016-12-29 02:41:06] 172.17.0.78.WARNING: [CRIADA SESSÃO COM VALORES] [] []
[2016-12-29 02:41:36] 172.17.0.78.WARNING: [DESCRIÇÃO CADASTRADA] [] []
[2016-12-29 02:41:36] 172.17.0.78.WARNING: [PRAZO CADASTRADO] [] []
[2016-12-29 02:41:36] 172.17.0.78.WARNING: [PRIORIDADE CADASTRADA] [] []
[2016-12-29 02:41:36] 172.17.0.78.ERROR: [TAREFA CONCLUIDA NÃO MARCADA] [] []
[2016-12-29 02:41:36] 172.17.0.78.WARNING: [CRIADA SESSÃO COM VALORES] [] []
[2016-12-29 02:42:08] 172.17.0.78.WARNING: [DESCRIÇÃO CADASTRADA] [] []
[2016-12-29 02:42:08] 172.17.0.78.WARNING: [PRAZO CADASTRADO] [] []
[2016-12-29 02:42:08] 172.17.0.78.WARNING: [PRIORIDADE CADASTRADA] [] []
[2016-12-29 02:42:08] 172.17.0.78.ERROR: [TAREFA CONCLUIDA NÃO MARCADA] [] []
[2016-12-29 02:42:08] 172.17.0.78.WARNING: [CRIADA SESSÃO COM VALORES] [] []
[2016-12-29 02:42:17] 172.17.0.78.WARNING: [DESCRIÇÃO CADASTRADA] [] []
[2016-12-29 02:42:17] 172.17.0.78.WARNING: [PRAZO CADASTRADO] [] []
[2016-12-29 02:42:17] 172.17.0.78.WARNING: [PRIORIDADE CADASTRADA] [] []
[2016-12-29 02:42:17] 172.17.0.78.WARNING: [TAREFA CONCLUIDA MARCADA] [] []
[2016-12-29 02:42:17] 172.17.0.78.WARNING: [CRIADA SESSÃO COM VALORES] [] []
[2016-12-29 02:44:39] 172.17.0.78.WARNING: [DESCRIÇÃO CADASTRADA] [] []
[2016-12-29 02:44:39] 172.17.0.78.WARNING: [PRAZO CADASTRADO] [] []
[2016-12-29 02:44:39] 172.17.0.78.WARNING: [PRIORIDADE CADASTRADA] [] []
[2016-12-29 02:44:39] 172.17.0.78.WARNING: [TAREFA CONCLUIDA MARCADA] [] []
[2016-12-29 02:44:39] 172.17.0.78.WARNING: [CRIADA SESSÃO COM VALORES] [] []
[2016-12-29 02:45:50] 172.17.0.78.WARNING: [DESCRIÇÃO CADASTRADA] [] []
[2016-12-29 02:45:50] 172.17.0.78.WARNING: [PRAZO CADASTRADO] [] []
[2016-12-29 02:45:50] 172.17.0.78.WARNING: [PRIORIDADE CADASTRADA] [] []
[2016-12-29 02:45:50] 172.17.0.78.WARNING: [TAREFA CONCLUIDA MARCADA] [] []
[2016-12-29 02:45:50] 172.17.0.78.WARNING: [CRIADA SESSÃO COM VALORES] [] []
[2016-12-29 02:46:48] 172.17.0.78.WARNING: [DESCRIÇÃO CADASTRADA] [] []
[2016-12-29 02:46:48] 172.17.0.78.WARNING: [PRAZO CADASTRADO] [] []
[2016-12-29 02:46:48] 172.17.0.78.WARNING: [PRIORIDADE CADASTRADA] [] []
[2016-12-29 02:46:48] 172.17.0.78.WARNING: [TAREFA CONCLUIDA MARCADA] [] []
[2016-12-29 02:46:48] 172.17.0.78.WARNING: [CRIADA SESSÃO COM VALORES] [] []
[2016-12-29 02:47:23] 172.17.0.78.WARNING: [DESCRIÇÃO CADASTRADA] [] []
[2016-12-29 02:47:23] 172.17.0.78.WARNING: [PRAZO CADASTRADO] [] []
[2016-12-29 02:47:23] 172.17.0.78.WARNING: [PRIORIDADE CADASTRADA] [] []
[2016-12-29 02:47:23] 172.17.0.78.WARNING: [TAREFA CONCLUIDA MARCADA] [] []
[2016-12-29 02:47:23] 172.17.0.78.WARNING: [CRIADA SESSÃO COM VALORES] [] []
[2016-12-29 02:47:44] 172.17.0.78.WARNING: [DESCRIÇÃO CADASTRADA] [] []
[2016-12-29 02:47:44] 172.17.0.78.WARNING: [PRAZO CADASTRADO] [] []
[2016-12-29 02:47:44] 172.17.0.78.WARNING: [PRIORIDADE CADASTRADA] [] []
[2016-12-29 02:47:44] 172.17.0.78.WARNING: [TAREFA CONCLUIDA MARCADA] [] []
[2016-12-29 02:47:44] 172.17.0.78.WARNING: [CRIADA SESSÃO COM VALORES] [] []
[2016-12-29 02:48:22] 172.17.0.78.WARNING: [DESCRIÇÃO CADASTRADA] [] []
[2016-12-29 02:48:22] 172.17.0.78.WARNING: [PRAZO CADASTRADO] [] []
[2016-12-29 02:48:22] 172.17.0.78.WARNING: [PRIORIDADE CADASTRADA] [] []
[2016-12-29 02:48:22] 172.17.0.78.WARNING: [TAREFA CONCLUIDA MARCADA] [] []
[2016-12-29 02:48:22] 172.17.0.78.WARNING: [CRIADA SESSÃO COM VALORES] [] []
[2016-12-29 02:48:51] 172.17.0.78.WARNING: [DESCRIÇÃO CADASTRADA] [] []
[2016-12-29 02:48:51] 172.17.0.78.WARNING: [PRAZO CADASTRADO] [] []
[2016-12-29 02:48:51] 172.17.0.78.WARNING: [PRIORIDADE CADASTRADA] [] []
[2016-12-29 02:48:51] 172.17.0.78.WARNING: [TAREFA CONCLUIDA MARCADA] [] []
[2016-12-29 02:48:51] 172.17.0.78.WARNING: [CRIADA SESSÃO COM VALORES] [] []
[2016-12-29 02:49:48] 172.17.0.78.WARNING: [DESCRIÇÃO CADASTRADA] [] []
[2016-12-29 02:49:48] 172.17.0.78.WARNING: [PRAZO CADASTRADO] [] []
[2016-12-29 02:49:48] 172.17.0.78.WARNING: [PRIORIDADE CADASTRADA] [] []
[2016-12-29 02:49:48] 172.17.0.78.WARNING: [TAREFA CONCLUIDA MARCADA] [] []
[2016-12-29 02:49:48] 172.17.0.78.WARNING: [CRIADA SESSÃO COM VALORES] [] []
[2016-12-29 02:50:00] 172.17.0.78.WARNING: [DESCRIÇÃO CADASTRADA] [] []
[2016-12-29 02:50:00] 172.17.0.78.WARNING: [PRAZO CADASTRADO] [] []
[2016-12-29 02:50:00] 172.17.0.78.WARNING: [PRIORIDADE CADASTRADA] [] []
[2016-12-29 02:50:00] 172.17.0.78.WARNING: [TAREFA CONCLUIDA MARCADA] [] []
[2016-12-29 02:50:00] 172.17.0.78.WARNING: [CRIADA SESSÃO COM VALORES] [] []
[2016-12-29 02:50:09] 172.17.0.78.WARNING: [DESCRIÇÃO CADASTRADA] [] []
[2016-12-29 02:50:09] 172.17.0.78.WARNING: [PRAZO CADASTRADO] [] []
[2016-12-29 02:50:09] 172.17.0.78.WARNING: [PRIORIDADE CADASTRADA] [] []
[2016-12-29 02:50:09] 172.17.0.78.WARNING: [TAREFA CONCLUIDA MARCADA] [] []
[2016-12-29 02:50:09] 172.17.0.78.WARNING: [CRIADA SESSÃO COM VALORES] [] []
[2016-12-29 02:50:23] 172.17.0.78.WARNING: [DESCRIÇÃO CADASTRADA] [] []
[2016-12-29 02:50:23] 172.17.0.78.WARNING: [PRAZO CADASTRADO] [] []
[2016-12-29 02:50:23] 172.17.0.78.WARNING: [PRIORIDADE CADASTRADA] [] []
[2016-12-29 02:50:23] 172.17.0.78.WARNING: [TAREFA CONCLUIDA MARCADA] [] []
[2016-12-29 02:50:23] 172.17.0.78.WARNING: [CRIADA SESSÃO COM VALORES] [] []
[2016-12-29 02:50:37] 172.17.0.78.WARNING: [DESCRIÇÃO CADASTRADA] [] []
[2016-12-29 02:50:37] 172.17.0.78.WARNING: [PRAZO CADASTRADO] [] []
[2016-12-29 02:50:37] 172.17.0.78.WARNING: [PRIORIDADE CADASTRADA] [] []
[2016-12-29 02:50:37] 172.17.0.78.WARNING: [TAREFA CONCLUIDA MARCADA] [] []
[2016-12-29 02:50:37] 172.17.0.78.WARNING: [CRIADA SESSÃO COM VALORES] [] []
[2016-12-29 02:50:46] 172.17.0.78.WARNING: [DESCRIÇÃO CADASTRADA] [] []
[2016-12-29 02:50:46] 172.17.0.78.WARNING: [PRAZO CADASTRADO] [] []
[2016-12-29 02:50:46] 172.17.0.78.WARNING: [PRIORIDADE CADASTRADA] [] []
[2016-12-29 02:50:46] 172.17.0.78.WARNING: [TAREFA CONCLUIDA MARCADA] [] []
[2016-12-29 02:50:46] 172.17.0.78.WARNING: [CRIADA SESSÃO COM VALORES] [] []
[2016-12-29 02:52:02] 172.17.0.78.WARNING: [DESCRIÇÃO CADASTRADA] [] []
[2016-12-29 02:52:02] 172.17.0.78.WARNING: [PRAZO CADASTRADO] [] []
[2016-12-29 02:52:02] 172.17.0.78.WARNING: [PRIORIDADE CADASTRADA] [] []
[2016-12-29 02:52:02] 172.17.0.78.ERROR: [TAREFA CONCLUIDA NÃO MARCADA] [] []
[2016-12-29 02:52:02] 172.17.0.78.WARNING: [CRIADA SESSÃO COM VALORES] [] []
[2016-12-29 02:52:41] 172.17.0.78.WARNING: [DESCRIÇÃO CADASTRADA] [] []
[2016-12-29 02:52:41] 172.17.0.78.WARNING: [PRAZO CADASTRADO] [] []
[2016-12-29 02:52:41] 172.17.0.78.WARNING: [PRIORIDADE CADASTRADA] [] []
[2016-12-29 02:52:41] 172.17.0.78.ERROR: [TAREFA CONCLUIDA NÃO MARCADA] [] []
[2016-12-29 02:52:41] 172.17.0.78.WARNING: [CRIADA SESSÃO COM VALORES] [] []
[2016-12-29 02:52:41] 172.17.0.78.WARNING: [----------------------------------] [] []
[2016-12-29 02:52:53] 172.17.0.78.WARNING: [DESCRIÇÃO CADASTRADA] [] []
[2016-12-29 02:52:53] 172.17.0.78.WARNING: [PRAZO CADASTRADO] [] []
[2016-12-29 02:52:53] 172.17.0.78.WARNING: [PRIORIDADE CADASTRADA] [] []
[2016-12-29 02:52:53] 172.17.0.78.ERROR: [TAREFA CONCLUIDA NÃO MARCADA] [] []
[2016-12-29 02:52:53] 172.17.0.78.WARNING: [CRIADA SESSÃO COM VALORES] [] []
[2016-12-29 02:52:53] 172.17.0.78.WARNING: ---------------------------------- [] []
[2016-12-29 02:54:09] 172.17.0.78.WARNING: [DESCRIÇÃO CADASTRADA] [] []
[2016-12-29 02:54:09] 172.17.0.78.WARNING: [PRAZO CADASTRADO] [] []
[2016-12-29 02:54:09] 172.17.0.78.WARNING: [PRIORIDADE CADASTRADA] [] []
[2016-12-29 02:54:09] 172.17.0.78.ERROR: [TAREFA CONCLUIDA NÃO MARCADA] [] []
[2016-12-29 02:54:09] 172.17.0.78.WARNING: [CRIADA SESSÃO COM VALORES] [] []
[2016-12-29 02:54:09] 172.17.0.78.WARNING: ---------------------------------- [] []
[2016-12-29 02:54:09] 172.17.0.78.INFO: ---------------------------------- [] []
[2016-12-29 02:55:34] 172.17.0.78.INFO: [DESCRIÇÃO CADASTRADA] [] []
[2016-12-29 02:55:34] 172.17.0.78.INFO: [PRAZO CADASTRADO] [] []
[2016-12-29 02:55:34] 172.17.0.78.INFO: [PRIORIDADE CADASTRADA] [] []
[2016-12-29 02:55:34] 172.17.0.78.ERROR: [TAREFA CONCLUIDA NÃO MARCADA] [] []
[2016-12-29 02:55:34] 172.17.0.78.INFO: [CRIADA SESSÃO COM VALORES] [] []
[2016-12-29 02:55:34] 172.17.0.78.INFO: ---------------------------------- [] []
[2016-12-29 02:56:03] 172.17.0.78.INFO: [DESCRIÇÃO CADASTRADA] [] []
[2016-12-29 02:56:03] 172.17.0.78.INFO: [PRAZO CADASTRADO] [] []
[2016-12-29 02:56:03] 172.17.0.78.INFO: [PRIORIDADE CADASTRADA] [] []
[2016-12-29 02:56:03] 172.17.0.78.WARNING: [TAREFA CONCLUIDA NÃO MARCADA] [] []
[2016-12-29 02:56:03] 172.17.0.78.INFO: [CRIADA SESSÃO COM VALORES] [] []
[2016-12-29 02:56:03] 172.17.0.78.INFO: ---------------------------------- [] []
[2016-12-29 02:56:39] 172.17.0.78.INFO: [DESCRIÇÃO CADASTRADA] [] []
[2016-12-29 02:56:39] 172.17.0.78.INFO: [PRAZO CADASTRADO] [] []
[2016-12-29 02:56:39] 172.17.0.78.INFO: [PRIORIDADE CADASTRADA] [] []
[2016-12-29 02:56:39] 172.17.0.78.WARNING: [TAREFA CONCLUIDA NÃO MARCADA] [] []
[2016-12-29 02:56:39] 172.17.0.78.INFO: [CRIADA SESSÃO COM VALORES] [] []
[2016-12-29 02:56:39] 172.17.0.78.INFO: ---------------------------------- [] []
[2016-12-29 02:57:18] 172.17.0.78.INFO: [DESCRIÇÃO CADASTRADA] [] []
[2016-12-29 02:57:18] 172.17.0.78.INFO: [PRAZO CADASTRADO] [] []
[2016-12-29 02:57:18] 172.17.0.78.INFO: [PRIORIDADE CADASTRADA] [] []
[2016-12-29 02:57:18] 172.17.0.78.WARNING: [TAREFA CONCLUIDA NÃO MARCADA] [] []
[2016-12-29 02:57:18] 172.17.0.78.INFO: [CRIADA SESSÃO COM VALORES] [] []
[2016-12-29 02:57:18] 172.17.0.78.INFO: ---------------------------------- [] []
[2016-12-29 02:57:39] 172.17.0.78.INFO: [DESCRIÇÃO CADASTRADA] [] []
[2016-12-29 02:57:39] 172.17.0.78.INFO: [PRAZO CADASTRADO] [] []
[2016-12-29 02:57:39] 172.17.0.78.INFO: [PRIORIDADE CADASTRADA] [] []
[2016-12-29 02:57:39] 172.17.0.78.WARNING: [TAREFA CONCLUIDA NÃO MARCADA] [] []
[2016-12-29 02:57:39] 172.17.0.78.INFO: [CRIADA SESSÃO COM VALORES] [] []
[2016-12-29 02:57:39] 172.17.0.78.INFO: ---------------------------------- [] []
[2016-12-29 02:58:27] 172.17.0.78.INFO: [DESCRIÇÃO CADASTRADA] [] []
[2016-12-29 02:58:27] 172.17.0.78.INFO: [PRAZO CADASTRADO] [] []
[2016-12-29 02:58:27] 172.17.0.78.INFO: [PRIORIDADE CADASTRADA] [] []
[2016-12-29 02:58:27] 172.17.0.78.WARNING: [TAREFA CONCLUIDA NÃO MARCADA] [] []
[2016-12-29 02:58:27] 172.17.0.78.INFO: [CRIADA SESSÃO COM VALORES] [] []
[2016-12-29 02:58:27] 172.17.0.78.INFO: ---------------------------------- [] []
[2016-12-29 02:58:49] 172.17.0.78.INFO: [DESCRIÇÃO CADASTRADA] [] []
[2016-12-29 02:58:49] 172.17.0.78.INFO: [PRAZO CADASTRADO] [] []
[2016-12-29 02:58:49] 172.17.0.78.INFO: [PRIORIDADE CADASTRADA] [] []
[2016-12-29 02:58:49] 172.17.0.78.WARNING: [TAREFA CONCLUIDA NÃO MARCADA] [] []
[2016-12-29 02:58:49] 172.17.0.78.INFO: [CRIADA SESSÃO COM VALORES] [] []
[2016-12-29 02:58:49] 172.17.0.78.INFO: ---------------------------------- [] []
[2016-12-29 02:59:47] 172.17.0.78.INFO: [DESCRIÇÃO CADASTRADA] [] []
[2016-12-29 02:59:47] 172.17.0.78.INFO: [PRAZO CADASTRADO] [] []
[2016-12-29 02:59:47] 172.17.0.78.INFO: [PRIORIDADE CADASTRADA] [] []
[2016-12-29 02:59:47] 172.17.0.78.WARNING: [TAREFA CONCLUIDA NÃO MARCADA] [] []
[2016-12-29 02:59:47] 172.17.0.78.INFO: [CRIADA SESSÃO COM VALORES] [] []
[2016-12-29 02:59:47] 172.17.0.78.INFO: ---------------------------------- [] []
[2016-12-29 03:00:16] 172.17.0.78.INFO: [DESCRIÇÃO CADASTRADA] [] []
[2016-12-29 03:00:16] 172.17.0.78.INFO: [PRAZO CADASTRADO] [] []
[2016-12-29 03:00:16] 172.17.0.78.INFO: [PRIORIDADE CADASTRADA] [] []
[2016-12-29 03:00:16] 172.17.0.78.WARNING: [TAREFA CONCLUIDA NÃO MARCADA] [] []
[2016-12-29 03:00:16] 172.17.0.78.INFO: [CRIADA SESSÃO COM VALORES] [] []
[2016-12-29 03:00:16] 172.17.0.78.INFO: ---------------------------------- [] []
[2016-12-29 03:02:37] 172.17.0.78.INFO: [DESCRIÇÃO CADASTRADA] [] []
[2016-12-29 03:02:37] 172.17.0.78.INFO: [PRAZO CADASTRADO] [] []
[2016-12-29 03:02:37] 172.17.0.78.INFO: [PRIORIDADE CADASTRADA] [] []
[2016-12-29 03:02:37] 172.17.0.78.WARNING: [TAREFA CONCLUIDA NÃO MARCADA] [] []
[2016-12-29 03:02:37] 172.17.0.78.INFO: [CRIADA SESSÃO COM VALORES] [] []
[2016-12-29 03:02:37] 172.17.0.78.INFO: ---------------------------------- [] []
[2016-12-29 03:02:55] 172.17.0.78.INFO: [DESCRIÇÃO CADASTRADA] [] []
[2016-12-29 03:02:55] 172.17.0.78.INFO: [PRAZO CADASTRADO] [] []
[2016-12-29 03:02:55] 172.17.0.78.INFO: [PRIORIDADE CADASTRADA] [] []
[2016-12-29 03:02:55] 172.17.0.78.WARNING: [TAREFA CONCLUIDA NÃO MARCADA] [] []
[2016-12-29 03:02:55] 172.17.0.78.INFO: [CRIADA SESSÃO COM VALORES] [] []
[2016-12-29 03:02:55] 172.17.0.78.INFO: ---------------------------------- [] []
[2016-12-29 03:03:44] 172.17.0.78.INFO: [DESCRIÇÃO CADASTRADA] [] []
[2016-12-29 03:03:44] 172.17.0.78.INFO: [PRAZO CADASTRADO] [] []
[2016-12-29 03:03:44] 172.17.0.78.INFO: [PRIORIDADE CADASTRADA] [] []
[2016-12-29 03:03:44] 172.17.0.78.INFO: [TAREFA CONCLUIDA MARCADA] [] []
[2016-12-29 03:03:44] 172.17.0.78.INFO: [CRIADA SESSÃO COM VALORES] [] []
[2016-12-29 03:03:44] 172.17.0.78.INFO: ---------------------------------- [] []
[2016-12-29 03:03:47] 172.17.0.78.INFO: [DESCRIÇÃO CADASTRADA] [] []
[2016-12-29 03:03:47] 172.17.0.78.INFO: [PRAZO CADASTRADO] [] []
[2016-12-29 03:03:47] 172.17.0.78.INFO: [PRIORIDADE CADASTRADA] [] []
[2016-12-29 03:03:47] 172.17.0.78.WARNING: [TAREFA CONCLUIDA NÃO MARCADA] [] []
[2016-12-29 03:03:47] 172.17.0.78.INFO: [CRIADA SESSÃO COM VALORES] [] []
[2016-12-29 03:03:47] 172.17.0.78.INFO: ---------------------------------- [] []
[2016-12-29 03:06:15] 172.17.0.78.INFO: [DESCRIÇÃO CADASTRADA] [] []
[2016-12-29 03:06:15] 172.17.0.78.INFO: [PRAZO CADASTRADO] [] []
[2016-12-29 03:06:15] 172.17.0.78.INFO: [PRIORIDADE CADASTRADA] [] []
[2016-12-29 03:06:15] 172.17.0.78.INFO: [TAREFA CONCLUIDA MARCADA] [] []
[2016-12-29 03:06:15] 172.17.0.78.INFO: [CRIADA SESSÃO COM VALORES] [] []
[2016-12-29 03:06:15] 172.17.0.78.INFO: ---------------------------------- [] []
